<?xml version="1.0" encoding="UTF-8"?>
<!-- Generated by org.testng.reporters.JUnitXMLReporter -->
<testsuite hostname="DESKTOP-A9DN365" ignored="0" name="Test-class test 1" tests="1" failures="0" timestamp="16 Mar 2021 11:11:48 GMT" time="0.047" errors="0">
  <testcase name="testMethodOne" time="0.007" classname="com.SeleniumTopics.TestNg.TestNgParallelTestsuite"/>
</testsuite> <!-- Test-class test 1 -->
