<?xml version="1.0" encoding="UTF-8"?>
<!-- Generated by org.testng.reporters.JUnitReportReporter -->
<testsuite skipped="0" hostname="DESKTOP-A9DN365" name="com.SeleniumTopics.TestNg.TestNgFactory" tests="2" failures="0" timestamp="16 Mar 2021 09:36:00 GMT" time="0.007" errors="0">
  <testcase name="testMethod" time="0.005" classname="com.SeleniumTopics.TestNg.TestNgFactory"/>
  <testcase name="testMethod" time="0.002" classname="com.SeleniumTopics.TestNg.TestNgFactory"/>
</testsuite> <!-- com.SeleniumTopics.TestNg.TestNgFactory -->
