<?xml version="1.0" encoding="UTF-8"?>
<!-- Generated by org.testng.reporters.JUnitReportReporter -->
<testsuite skipped="0" hostname="DESKTOP-A9DN365" name="com.SeleniumTopics.TestNg.TestNgParallelClass2" tests="2" failures="0" timestamp="16 Mar 2021 13:53:07 GMT" time="0.053" errors="0">
  <testcase name="testMethodTwo" time="0.034" classname="com.SeleniumTopics.TestNg.TestNgParallelClass2"/>
  <testcase name="testMethodOne" time="0.019" classname="com.SeleniumTopics.TestNg.TestNgParallelClass2"/>
</testsuite> <!-- com.SeleniumTopics.TestNg.TestNgParallelClass2 -->
