<?xml version="1.0" encoding="UTF-8"?>
<!-- Generated by org.testng.reporters.JUnitReportReporter -->
<testsuite skipped="0" hostname="DESKTOP-A9DN365" name="com.SeleniumTopics.TestNg.TestngGroups" tests="4" failures="0" timestamp="16 Mar 2021 13:55:09 GMT" time="0.017" errors="0">
  <testcase name="testMethodThree" time="0.003" classname="com.SeleniumTopics.TestNg.TestngGroups"/>
  <testcase name="testMethodTwo" time="0.002" classname="com.SeleniumTopics.TestNg.TestngGroups"/>
  <testcase name="testMethodTwo" time="0.002" classname="com.SeleniumTopics.TestNg.TestngGroups"/>
  <testcase name="testMethodOne" time="0.010" classname="com.SeleniumTopics.TestNg.TestngGroups"/>
</testsuite> <!-- com.SeleniumTopics.TestNg.TestngGroups -->
