<?xml version="1.0" encoding="UTF-8"?>
<!-- Generated by org.testng.reporters.JUnitReportReporter -->
<testsuite skipped="0" hostname="DESKTOP-A9DN365" name="com.SeleniumTopics.TestNg.TestngParalletTestCases" tests="2" failures="0" timestamp="16 Mar 2021 10:53:42 GMT" time="0.031" errors="0">
  <testcase name="testMethodsOne" time="0.017" classname="com.SeleniumTopics.TestNg.TestngParalletTestCases"/>
  <testcase name="testMethodsTwo" time="0.014" classname="com.SeleniumTopics.TestNg.TestngParalletTestCases"/>
</testsuite> <!-- com.SeleniumTopics.TestNg.TestngParalletTestCases -->
