<?xml version="1.0" encoding="UTF-8"?>
<!-- Generated by org.testng.reporters.JUnitReportReporter -->
<testsuite skipped="0" hostname="DESKTOP-A9DN365" name="com.SeleniumTopics.TestNg.TestngParamters" tests="2" failures="0" timestamp="15 Mar 2021 02:31:46 GMT" time="0.011" errors="0">
  <testcase name="FillLoginForm" time="0.008" classname="com.SeleniumTopics.TestNg.TestngParamters"/>
  <testcase name="OpenBrowser" time="0.003" classname="com.SeleniumTopics.TestNg.TestngParamters"/>
</testsuite> <!-- com.SeleniumTopics.TestNg.TestngParamters -->
