<?xml version="1.0" encoding="UTF-8"?>
<!-- Generated by org.testng.reporters.JUnitReportReporter -->
<testsuite skipped="0" hostname="DESKTOP-A9DN365" name="com.SeleniumTopics.TestNg.testNgDataProvider" tests="2" failures="0" timestamp="16 Mar 2021 09:05:49 GMT" time="0.008" errors="0">
  <testcase name="add" time="0.003" classname="com.SeleniumTopics.TestNg.testNgDataProvider"/>
  <testcase name="add" time="0.005" classname="com.SeleniumTopics.TestNg.testNgDataProvider"/>
</testsuite> <!-- com.SeleniumTopics.TestNg.testNgDataProvider -->
