<?xml version="1.0" encoding="UTF-8"?>
<!-- Generated by org.testng.reporters.JUnitReportReporter -->
<testsuite skipped="0" hostname="DESKTOP-A9DN365" name="com.SeleniumTopics.TestNg.TestNgParallelTestsuite" tests="2" failures="0" timestamp="16 Mar 2021 11:11:48 GMT" time="0.018" errors="0">
  <testcase name="testMethodOne" time="0.011" classname="com.SeleniumTopics.TestNg.TestNgParallelTestsuite"/>
  <testcase name="testMethodOne" time="0.007" classname="com.SeleniumTopics.TestNg.TestNgParallelTestsuite"/>
</testsuite> <!-- com.SeleniumTopics.TestNg.TestNgParallelTestsuite -->
