<?xml version="1.0" encoding="UTF-8"?>
<!-- Generated by org.testng.reporters.JUnitReportReporter -->
<testsuite skipped="0" hostname="DESKTOP-A9DN365" name="com.SeleniumTopics.TestNg.TestNgTeadfromProperties" tests="1" failures="0" timestamp="15 Mar 2021 18:03:19 GMT" time="0.006" errors="0">
  <testcase name="f" time="0.006" classname="com.SeleniumTopics.TestNg.TestNgTeadfromProperties"/>
</testsuite> <!-- com.SeleniumTopics.TestNg.TestNgTeadfromProperties -->
