<?xml version="1.0" encoding="UTF-8"?>
<!-- Generated by org.testng.reporters.JUnitReportReporter -->
<testsuite skipped="0" hostname="DESKTOP-A9DN365" name="com.SeleniumTopics.TestNg.TestNgLoadTesting" tests="16" failures="0" timestamp="16 Mar 2021 13:52:31 GMT" time="742.879" errors="10">
  <testcase name="testGoogleSearch" time="53.918" classname="com.SeleniumTopics.TestNg.TestNgLoadTesting">
    <error type="org.openqa.selenium.SessionNotCreatedException" message="session not created
from disconnected: received Inspector.detached event
  (Session info: chrome=89.0.4389.82)
Build info: version: &#039;3.141.59&#039;, revision: &#039;e82be7d358&#039;, time: &#039;2018-11-14T08:17:03&#039;
System info: host: &#039;DESKTOP-A9DN365&#039;, ip: &#039;192.168.1.4&#039;, os.name: &#039;Windows 10&#039;, os.arch: &#039;amd64&#039;, os.version: &#039;10.0&#039;, java.version: &#039;1.8.0_91&#039;
Driver info: driver.version: ChromeDriver
remote stacktrace: Backtrace:
	Ordinal0 [0x008AE7D3+124883]
	Ordinal0 [0x008AE7B1+124849]
	GetHandleVerifier [0x00AF8688+193832]
	GetHandleVerifier [0x00AECB71+145937]
	GetHandleVerifier [0x00AEC7F9+145049]
	GetHandleVerifier [0x00AEBF7D+142877]
	GetHandleVerifier [0x00AEB45E+140030]
	GetHandleVerifier [0x00AEB6E6+140678]
	GetHandleVerifier [0x00AEB025+138949]
	GetHandleVerifier [0x00AF4679+177433]
	GetHandleVerifier [0x00AEAFE1+138881]
	GetHandleVerifier [0x00AEBD62+142338]
	GetHandleVerifier [0x00AEB45E+140030]
	GetHandleVerifier [0x00AEB6E6+140678]
	GetHandleVerifier [0x00AEB025+138949]
	GetHandleVerifier [0x00AF2A0A+170154]
	GetHandleVerifier [0x00AEAFE1+138881]
	GetHandleVerifier [0x00AEBD62+142338]
	GetHandleVerifier [0x00AEB45E+140030]
	GetHandleVerifier [0x00AEB6E6+140678]
	GetHandleVerifier [0x00AEB025+138949]
	GetHandleVerifier [0x00AF0D69+162825]
	GetHandleVerifier [0x00AEAFE1+138881]
	GetHandleVerifier [0x00AEBD62+142338]
	GetHandleVerifier [0x00AEB45E+140030]
	GetHandleVerifier [0x00AEB6E6+140678]
	GetHandleVerifier [0x00AEB025+138949]
	GetHandleVerifier [0x00AF017C+159772]
	GetHandleVerifier [0x00AEAFE1+138881]
	GetHandleVerifier [0x00AEBD62+142338]
	GetHandleVerifier [0x00AEB45E+140030]
	GetHandleVerifier [0x00AEB6E6+140678]
	GetHandleVerifier [0x00AEB025+138949]
	GetHandleVerifier [0x00AE76ED+124301]
	GetHandleVerifier [0x00AEAFE1+138881]
	GetHandleVerifier [0x00AEAE03+138403]
	GetHandleVerifier [0x00AEABF7+137879]
	GetHandleVerifier [0x00AF9930+198608]
	GetHandleVerifier [0x00B35758+443896]
	GetHandleVerifier [0x00B347FC+439964]
	GetHandleVerifier [0x00B3154B+426987]
	GetHandleVerifier [0x00B14FFD+310941]
	GetHandleVerifier [0x00B15D8E+314414]
	GetHandleVerifier [0x00B15D19+314297]
	GetHandleVerifier [0x00BD31EC+1089676]
	GetHandleVerifier [0x00BD17C9+1082985]
	GetHandleVerifier [0x00BD13A3+1081923]
	GetHandleVerifier [0x00CCD9FD+2115741]
	Ordinal0 [0x009FB82E+1488942]
	Ordinal0 [0x00995A7D+1071741]
	Ordinal0 [0x0099559B+1070491]
	Ordinal0 [0x009954B1+1070257]
	Ordinal0 [0x009CFF53+1310547]
	BaseThreadInitThunk [0x7576FA29+25]
	RtlGetAppContainerNamedObjectPath [0x772F7C7E+286]
	RtlGetAppContainerNamedObjectPath [0x772F7C4E+238]
">
      <![CDATA[org.openqa.selenium.SessionNotCreatedException: session not created
from disconnected: received Inspector.detached event
  (Session info: chrome=89.0.4389.82)
Build info: version: '3.141.59', revision: 'e82be7d358', time: '2018-11-14T08:17:03'
System info: host: 'DESKTOP-A9DN365', ip: '192.168.1.4', os.name: 'Windows 10', os.arch: 'amd64', os.version: '10.0', java.version: '1.8.0_91'
Driver info: driver.version: ChromeDriver
remote stacktrace: Backtrace:
Ordinal0 [0x008AE7D3+124883]
Ordinal0 [0x008AE7B1+124849]
GetHandleVerifier [0x00AF8688+193832]
GetHandleVerifier [0x00AECB71+145937]
GetHandleVerifier [0x00AEC7F9+145049]
GetHandleVerifier [0x00AEBF7D+142877]
GetHandleVerifier [0x00AEB45E+140030]
GetHandleVerifier [0x00AEB6E6+140678]
GetHandleVerifier [0x00AEB025+138949]
GetHandleVerifier [0x00AF4679+177433]
GetHandleVerifier [0x00AEAFE1+138881]
GetHandleVerifier [0x00AEBD62+142338]
GetHandleVerifier [0x00AEB45E+140030]
GetHandleVerifier [0x00AEB6E6+140678]
GetHandleVerifier [0x00AEB025+138949]
GetHandleVerifier [0x00AF2A0A+170154]
GetHandleVerifier [0x00AEAFE1+138881]
GetHandleVerifier [0x00AEBD62+142338]
GetHandleVerifier [0x00AEB45E+140030]
GetHandleVerifier [0x00AEB6E6+140678]
GetHandleVerifier [0x00AEB025+138949]
GetHandleVerifier [0x00AF0D69+162825]
GetHandleVerifier [0x00AEAFE1+138881]
GetHandleVerifier [0x00AEBD62+142338]
GetHandleVerifier [0x00AEB45E+140030]
GetHandleVerifier [0x00AEB6E6+140678]
GetHandleVerifier [0x00AEB025+138949]
GetHandleVerifier [0x00AF017C+159772]
GetHandleVerifier [0x00AEAFE1+138881]
GetHandleVerifier [0x00AEBD62+142338]
GetHandleVerifier [0x00AEB45E+140030]
GetHandleVerifier [0x00AEB6E6+140678]
GetHandleVerifier [0x00AEB025+138949]
GetHandleVerifier [0x00AE76ED+124301]
GetHandleVerifier [0x00AEAFE1+138881]
GetHandleVerifier [0x00AEAE03+138403]
GetHandleVerifier [0x00AEABF7+137879]
GetHandleVerifier [0x00AF9930+198608]
GetHandleVerifier [0x00B35758+443896]
GetHandleVerifier [0x00B347FC+439964]
GetHandleVerifier [0x00B3154B+426987]
GetHandleVerifier [0x00B14FFD+310941]
GetHandleVerifier [0x00B15D8E+314414]
GetHandleVerifier [0x00B15D19+314297]
GetHandleVerifier [0x00BD31EC+1089676]
GetHandleVerifier [0x00BD17C9+1082985]
GetHandleVerifier [0x00BD13A3+1081923]
GetHandleVerifier [0x00CCD9FD+2115741]
Ordinal0 [0x009FB82E+1488942]
Ordinal0 [0x00995A7D+1071741]
Ordinal0 [0x0099559B+1070491]
Ordinal0 [0x009954B1+1070257]
Ordinal0 [0x009CFF53+1310547]
BaseThreadInitThunk [0x7576FA29+25]
RtlGetAppContainerNamedObjectPath [0x772F7C7E+286]
RtlGetAppContainerNamedObjectPath [0x772F7C4E+238]

at sun.reflect.NativeConstructorAccessorImpl.newInstance0(Native Method)
at sun.reflect.NativeConstructorAccessorImpl.newInstance(NativeConstructorAccessorImpl.java:62)
at sun.reflect.DelegatingConstructorAccessorImpl.newInstance(DelegatingConstructorAccessorImpl.java:45)
at java.lang.reflect.Constructor.newInstance(Constructor.java:423)
at org.openqa.selenium.remote.W3CHandshakeResponse.lambda$errorHandler$0(W3CHandshakeResponse.java:62)
at org.openqa.selenium.remote.HandshakeResponse.lambda$getResponseFunction$0(HandshakeResponse.java:30)
at org.openqa.selenium.remote.ProtocolHandshake.lambda$createSession$0(ProtocolHandshake.java:126)
at java.util.stream.ReferencePipeline$3$1.accept(ReferencePipeline.java:193)
at java.util.Spliterators$ArraySpliterator.tryAdvance(Spliterators.java:958)
at java.util.stream.ReferencePipeline.forEachWithCancel(ReferencePipeline.java:126)
at java.util.stream.AbstractPipeline.copyIntoWithCancel(AbstractPipeline.java:498)
at java.util.stream.AbstractPipeline.copyInto(AbstractPipeline.java:485)
at java.util.stream.AbstractPipeline.wrapAndCopyInto(AbstractPipeline.java:471)
at java.util.stream.FindOps$FindOp.evaluateSequential(FindOps.java:152)
at java.util.stream.AbstractPipeline.evaluate(AbstractPipeline.java:234)
at java.util.stream.ReferencePipeline.findFirst(ReferencePipeline.java:464)
at org.openqa.selenium.remote.ProtocolHandshake.createSession(ProtocolHandshake.java:128)
at org.openqa.selenium.remote.ProtocolHandshake.createSession(ProtocolHandshake.java:74)
at org.openqa.selenium.remote.HttpCommandExecutor.execute(HttpCommandExecutor.java:136)
at org.openqa.selenium.remote.service.DriverCommandExecutor.execute(DriverCommandExecutor.java:83)
at org.openqa.selenium.remote.RemoteWebDriver.execute(RemoteWebDriver.java:552)
at org.openqa.selenium.remote.RemoteWebDriver.startSession(RemoteWebDriver.java:213)
at org.openqa.selenium.remote.RemoteWebDriver.<init>(RemoteWebDriver.java:131)
at org.openqa.selenium.chrome.ChromeDriver.<init>(ChromeDriver.java:181)
at org.openqa.selenium.chrome.ChromeDriver.<init>(ChromeDriver.java:168)
at org.openqa.selenium.chrome.ChromeDriver.<init>(ChromeDriver.java:123)
at com.SeleniumTopics.TestNg.TestNgLoadTesting.testGoogleSearch(TestNgLoadTesting.java:34)
at sun.reflect.NativeMethodAccessorImpl.invoke0(Native Method)
at sun.reflect.NativeMethodAccessorImpl.invoke(NativeMethodAccessorImpl.java:62)
at sun.reflect.DelegatingMethodAccessorImpl.invoke(DelegatingMethodAccessorImpl.java:43)
at java.lang.reflect.Method.invoke(Method.java:498)
at org.testng.internal.MethodInvocationHelper.invokeMethod(MethodInvocationHelper.java:124)
at org.testng.internal.Invoker.invokeMethod(Invoker.java:580)
at org.testng.internal.Invoker.invokeTestMethod(Invoker.java:716)
at org.testng.internal.Invoker.invokeTestMethods(Invoker.java:988)
at org.testng.internal.TestMethodWorker.invokeTestMethods(TestMethodWorker.java:125)
at org.testng.internal.TestMethodWorker.run(TestMethodWorker.java:109)
at org.testng.internal.thread.ThreadUtil$1.call(ThreadUtil.java:52)
at java.util.concurrent.FutureTask.run(FutureTask.java:266)
at java.util.concurrent.ThreadPoolExecutor.runWorker(ThreadPoolExecutor.java:1142)
at java.util.concurrent.ThreadPoolExecutor$Worker.run(ThreadPoolExecutor.java:617)
at java.lang.Thread.run(Thread.java:745)
]]>
    </error>
  </testcase> <!-- testGoogleSearch -->
  <testcase name="test1" time="0.051" classname="com.SeleniumTopics.TestNg.TestNgLoadTesting"/>
  <testcase name="testGoogleSearch" time="75.271" classname="com.SeleniumTopics.TestNg.TestNgLoadTesting">
    <error type="org.openqa.selenium.WebDriverException" message="unknown error: cannot determine loading status
from disconnected: received Inspector.detached event
  (Session info: chrome=89.0.4389.82)
Build info: version: &#039;3.141.59&#039;, revision: &#039;e82be7d358&#039;, time: &#039;2018-11-14T08:17:03&#039;
System info: host: &#039;DESKTOP-A9DN365&#039;, ip: &#039;192.168.1.4&#039;, os.name: &#039;Windows 10&#039;, os.arch: &#039;amd64&#039;, os.version: &#039;10.0&#039;, java.version: &#039;1.8.0_91&#039;
Driver info: org.openqa.selenium.chrome.ChromeDriver
Capabilities {acceptInsecureCerts: false, browserName: chrome, browserVersion: 89.0.4389.82, chrome: {chromedriverVersion: 89.0.4389.23 (61b08ee2c5002..., userDataDir: C:\Users\raghu\AppData\Loca...}, goog:chromeOptions: {debuggerAddress: localhost:63683}, javascriptEnabled: true, networkConnectionEnabled: false, pageLoadStrategy: normal, platform: WINDOWS, platformName: WINDOWS, proxy: Proxy(), setWindowRect: true, strictFileInteractability: false, timeouts: {implicit: 0, pageLoad: 300000, script: 30000}, unhandledPromptBehavior: dismiss and notify, webauthn:extension:largeBlob: true, webauthn:virtualAuthenticators: true}
Session ID: a6f80491874526c2c507ffacf805bda0">
      <![CDATA[org.openqa.selenium.WebDriverException: unknown error: cannot determine loading status
from disconnected: received Inspector.detached event
  (Session info: chrome=89.0.4389.82)
Build info: version: '3.141.59', revision: 'e82be7d358', time: '2018-11-14T08:17:03'
System info: host: 'DESKTOP-A9DN365', ip: '192.168.1.4', os.name: 'Windows 10', os.arch: 'amd64', os.version: '10.0', java.version: '1.8.0_91'
Driver info: org.openqa.selenium.chrome.ChromeDriver
Capabilities {acceptInsecureCerts: false, browserName: chrome, browserVersion: 89.0.4389.82, chrome: {chromedriverVersion: 89.0.4389.23 (61b08ee2c5002..., userDataDir: C:\Users\raghu\AppData\Loca...}, goog:chromeOptions: {debuggerAddress: localhost:63683}, javascriptEnabled: true, networkConnectionEnabled: false, pageLoadStrategy: normal, platform: WINDOWS, platformName: WINDOWS, proxy: Proxy(), setWindowRect: true, strictFileInteractability: false, timeouts: {implicit: 0, pageLoad: 300000, script: 30000}, unhandledPromptBehavior: dismiss and notify, webauthn:extension:largeBlob: true, webauthn:virtualAuthenticators: true}
Session ID: a6f80491874526c2c507ffacf805bda0
at sun.reflect.NativeConstructorAccessorImpl.newInstance0(Native Method)
at sun.reflect.NativeConstructorAccessorImpl.newInstance(NativeConstructorAccessorImpl.java:62)
at sun.reflect.DelegatingConstructorAccessorImpl.newInstance(DelegatingConstructorAccessorImpl.java:45)
at java.lang.reflect.Constructor.newInstance(Constructor.java:423)
at org.openqa.selenium.remote.http.W3CHttpResponseCodec.createException(W3CHttpResponseCodec.java:187)
at org.openqa.selenium.remote.http.W3CHttpResponseCodec.decode(W3CHttpResponseCodec.java:122)
at org.openqa.selenium.remote.http.W3CHttpResponseCodec.decode(W3CHttpResponseCodec.java:49)
at org.openqa.selenium.remote.HttpCommandExecutor.execute(HttpCommandExecutor.java:158)
at org.openqa.selenium.remote.service.DriverCommandExecutor.execute(DriverCommandExecutor.java:83)
at org.openqa.selenium.remote.RemoteWebDriver.execute(RemoteWebDriver.java:552)
at org.openqa.selenium.remote.RemoteWebDriver.get(RemoteWebDriver.java:277)
at com.SeleniumTopics.TestNg.TestNgLoadTesting.testGoogleSearch(TestNgLoadTesting.java:38)
at sun.reflect.NativeMethodAccessorImpl.invoke0(Native Method)
at sun.reflect.NativeMethodAccessorImpl.invoke(NativeMethodAccessorImpl.java:62)
at sun.reflect.DelegatingMethodAccessorImpl.invoke(DelegatingMethodAccessorImpl.java:43)
at java.lang.reflect.Method.invoke(Method.java:498)
at org.testng.internal.MethodInvocationHelper.invokeMethod(MethodInvocationHelper.java:124)
at org.testng.internal.Invoker.invokeMethod(Invoker.java:580)
at org.testng.internal.Invoker.invokeTestMethod(Invoker.java:716)
at org.testng.internal.Invoker.invokeTestMethods(Invoker.java:988)
at org.testng.internal.TestMethodWorker.invokeTestMethods(TestMethodWorker.java:125)
at org.testng.internal.TestMethodWorker.run(TestMethodWorker.java:109)
at org.testng.internal.thread.ThreadUtil$1.call(ThreadUtil.java:52)
at java.util.concurrent.FutureTask.run(FutureTask.java:266)
at java.util.concurrent.ThreadPoolExecutor.runWorker(ThreadPoolExecutor.java:1142)
at java.util.concurrent.ThreadPoolExecutor$Worker.run(ThreadPoolExecutor.java:617)
at java.lang.Thread.run(Thread.java:745)
]]>
    </error>
  </testcase> <!-- testGoogleSearch -->
  <testcase name="testGoogleSearch" time="65.759" classname="com.SeleniumTopics.TestNg.TestNgLoadTesting">
    <error type="org.openqa.selenium.WebDriverException" message="unknown error: cannot determine loading status
from disconnected: received Inspector.detached event
  (Session info: chrome=89.0.4389.82)
Build info: version: &#039;3.141.59&#039;, revision: &#039;e82be7d358&#039;, time: &#039;2018-11-14T08:17:03&#039;
System info: host: &#039;DESKTOP-A9DN365&#039;, ip: &#039;192.168.1.4&#039;, os.name: &#039;Windows 10&#039;, os.arch: &#039;amd64&#039;, os.version: &#039;10.0&#039;, java.version: &#039;1.8.0_91&#039;
Driver info: org.openqa.selenium.chrome.ChromeDriver
Capabilities {acceptInsecureCerts: false, browserName: chrome, browserVersion: 89.0.4389.82, chrome: {chromedriverVersion: 89.0.4389.23 (61b08ee2c5002..., userDataDir: C:\Users\raghu\AppData\Loca...}, goog:chromeOptions: {debuggerAddress: localhost:54967}, javascriptEnabled: true, networkConnectionEnabled: false, pageLoadStrategy: normal, platform: WINDOWS, platformName: WINDOWS, proxy: Proxy(), setWindowRect: true, strictFileInteractability: false, timeouts: {implicit: 0, pageLoad: 300000, script: 30000}, unhandledPromptBehavior: dismiss and notify, webauthn:extension:largeBlob: true, webauthn:virtualAuthenticators: true}
Session ID: 52eb1672df551b649173451a456adbe9">
      <![CDATA[org.openqa.selenium.WebDriverException: unknown error: cannot determine loading status
from disconnected: received Inspector.detached event
  (Session info: chrome=89.0.4389.82)
Build info: version: '3.141.59', revision: 'e82be7d358', time: '2018-11-14T08:17:03'
System info: host: 'DESKTOP-A9DN365', ip: '192.168.1.4', os.name: 'Windows 10', os.arch: 'amd64', os.version: '10.0', java.version: '1.8.0_91'
Driver info: org.openqa.selenium.chrome.ChromeDriver
Capabilities {acceptInsecureCerts: false, browserName: chrome, browserVersion: 89.0.4389.82, chrome: {chromedriverVersion: 89.0.4389.23 (61b08ee2c5002..., userDataDir: C:\Users\raghu\AppData\Loca...}, goog:chromeOptions: {debuggerAddress: localhost:54967}, javascriptEnabled: true, networkConnectionEnabled: false, pageLoadStrategy: normal, platform: WINDOWS, platformName: WINDOWS, proxy: Proxy(), setWindowRect: true, strictFileInteractability: false, timeouts: {implicit: 0, pageLoad: 300000, script: 30000}, unhandledPromptBehavior: dismiss and notify, webauthn:extension:largeBlob: true, webauthn:virtualAuthenticators: true}
Session ID: 52eb1672df551b649173451a456adbe9
at sun.reflect.NativeConstructorAccessorImpl.newInstance0(Native Method)
at sun.reflect.NativeConstructorAccessorImpl.newInstance(NativeConstructorAccessorImpl.java:62)
at sun.reflect.DelegatingConstructorAccessorImpl.newInstance(DelegatingConstructorAccessorImpl.java:45)
at java.lang.reflect.Constructor.newInstance(Constructor.java:423)
at org.openqa.selenium.remote.http.W3CHttpResponseCodec.createException(W3CHttpResponseCodec.java:187)
at org.openqa.selenium.remote.http.W3CHttpResponseCodec.decode(W3CHttpResponseCodec.java:122)
at org.openqa.selenium.remote.http.W3CHttpResponseCodec.decode(W3CHttpResponseCodec.java:49)
at org.openqa.selenium.remote.HttpCommandExecutor.execute(HttpCommandExecutor.java:158)
at org.openqa.selenium.remote.service.DriverCommandExecutor.execute(DriverCommandExecutor.java:83)
at org.openqa.selenium.remote.RemoteWebDriver.execute(RemoteWebDriver.java:552)
at org.openqa.selenium.remote.RemoteWebDriver.get(RemoteWebDriver.java:277)
at com.SeleniumTopics.TestNg.TestNgLoadTesting.testGoogleSearch(TestNgLoadTesting.java:38)
at sun.reflect.NativeMethodAccessorImpl.invoke0(Native Method)
at sun.reflect.NativeMethodAccessorImpl.invoke(NativeMethodAccessorImpl.java:62)
at sun.reflect.DelegatingMethodAccessorImpl.invoke(DelegatingMethodAccessorImpl.java:43)
at java.lang.reflect.Method.invoke(Method.java:498)
at org.testng.internal.MethodInvocationHelper.invokeMethod(MethodInvocationHelper.java:124)
at org.testng.internal.Invoker.invokeMethod(Invoker.java:580)
at org.testng.internal.Invoker.invokeTestMethod(Invoker.java:716)
at org.testng.internal.Invoker.invokeTestMethods(Invoker.java:988)
at org.testng.internal.TestMethodWorker.invokeTestMethods(TestMethodWorker.java:125)
at org.testng.internal.TestMethodWorker.run(TestMethodWorker.java:109)
at org.testng.internal.thread.ThreadUtil$1.call(ThreadUtil.java:52)
at java.util.concurrent.FutureTask.run(FutureTask.java:266)
at java.util.concurrent.ThreadPoolExecutor.runWorker(ThreadPoolExecutor.java:1142)
at java.util.concurrent.ThreadPoolExecutor$Worker.run(ThreadPoolExecutor.java:617)
at java.lang.Thread.run(Thread.java:745)
]]>
    </error>
  </testcase> <!-- testGoogleSearch -->
  <testcase name="testGoogleSearch" time="95.725" classname="com.SeleniumTopics.TestNg.TestNgLoadTesting">
    <error type="org.openqa.selenium.SessionNotCreatedException" message="session not created
from disconnected: received Inspector.detached event
  (Session info: chrome=89.0.4389.82)
Build info: version: &#039;3.141.59&#039;, revision: &#039;e82be7d358&#039;, time: &#039;2018-11-14T08:17:03&#039;
System info: host: &#039;DESKTOP-A9DN365&#039;, ip: &#039;192.168.1.4&#039;, os.name: &#039;Windows 10&#039;, os.arch: &#039;amd64&#039;, os.version: &#039;10.0&#039;, java.version: &#039;1.8.0_91&#039;
Driver info: driver.version: ChromeDriver
remote stacktrace: Backtrace:
	Ordinal0 [0x008AE7D3+124883]
	Ordinal0 [0x008AE7B1+124849]
	GetHandleVerifier [0x00AF8688+193832]
	GetHandleVerifier [0x00AECB71+145937]
	GetHandleVerifier [0x00AEC7F9+145049]
	GetHandleVerifier [0x00AEBF7D+142877]
	GetHandleVerifier [0x00AEB45E+140030]
	GetHandleVerifier [0x00AEB6E6+140678]
	GetHandleVerifier [0x00AEB025+138949]
	GetHandleVerifier [0x00AF4679+177433]
	GetHandleVerifier [0x00AEAFE1+138881]
	GetHandleVerifier [0x00AEBD62+142338]
	GetHandleVerifier [0x00AEB45E+140030]
	GetHandleVerifier [0x00AEB6E6+140678]
	GetHandleVerifier [0x00AEB025+138949]
	GetHandleVerifier [0x00AF2A0A+170154]
	GetHandleVerifier [0x00AEAFE1+138881]
	GetHandleVerifier [0x00AEBD62+142338]
	GetHandleVerifier [0x00AEB45E+140030]
	GetHandleVerifier [0x00AEB6E6+140678]
	GetHandleVerifier [0x00AEB025+138949]
	GetHandleVerifier [0x00AF0D69+162825]
	GetHandleVerifier [0x00AEAFE1+138881]
	GetHandleVerifier [0x00AEBD62+142338]
	GetHandleVerifier [0x00AEB45E+140030]
	GetHandleVerifier [0x00AEB6E6+140678]
	GetHandleVerifier [0x00AEB025+138949]
	GetHandleVerifier [0x00AF017C+159772]
	GetHandleVerifier [0x00AEAFE1+138881]
	GetHandleVerifier [0x00AEBD62+142338]
	GetHandleVerifier [0x00AEB45E+140030]
	GetHandleVerifier [0x00AEB6E6+140678]
	GetHandleVerifier [0x00AEB025+138949]
	GetHandleVerifier [0x00AE76ED+124301]
	GetHandleVerifier [0x00AEAFE1+138881]
	GetHandleVerifier [0x00AEAE03+138403]
	GetHandleVerifier [0x00AEABF7+137879]
	GetHandleVerifier [0x00AF9930+198608]
	GetHandleVerifier [0x00B35758+443896]
	GetHandleVerifier [0x00B347FC+439964]
	GetHandleVerifier [0x00B3154B+426987]
	GetHandleVerifier [0x00B14FFD+310941]
	GetHandleVerifier [0x00B15D8E+314414]
	GetHandleVerifier [0x00B15D19+314297]
	GetHandleVerifier [0x00BD31EC+1089676]
	GetHandleVerifier [0x00BD17C9+1082985]
	GetHandleVerifier [0x00BD13A3+1081923]
	GetHandleVerifier [0x00CCD9FD+2115741]
	Ordinal0 [0x009FB82E+1488942]
	Ordinal0 [0x00995A7D+1071741]
	Ordinal0 [0x0099559B+1070491]
	Ordinal0 [0x009954B1+1070257]
	Ordinal0 [0x009CFF53+1310547]
	BaseThreadInitThunk [0x7576FA29+25]
	RtlGetAppContainerNamedObjectPath [0x772F7C7E+286]
	RtlGetAppContainerNamedObjectPath [0x772F7C4E+238]
">
      <![CDATA[org.openqa.selenium.SessionNotCreatedException: session not created
from disconnected: received Inspector.detached event
  (Session info: chrome=89.0.4389.82)
Build info: version: '3.141.59', revision: 'e82be7d358', time: '2018-11-14T08:17:03'
System info: host: 'DESKTOP-A9DN365', ip: '192.168.1.4', os.name: 'Windows 10', os.arch: 'amd64', os.version: '10.0', java.version: '1.8.0_91'
Driver info: driver.version: ChromeDriver
remote stacktrace: Backtrace:
Ordinal0 [0x008AE7D3+124883]
Ordinal0 [0x008AE7B1+124849]
GetHandleVerifier [0x00AF8688+193832]
GetHandleVerifier [0x00AECB71+145937]
GetHandleVerifier [0x00AEC7F9+145049]
GetHandleVerifier [0x00AEBF7D+142877]
GetHandleVerifier [0x00AEB45E+140030]
GetHandleVerifier [0x00AEB6E6+140678]
GetHandleVerifier [0x00AEB025+138949]
GetHandleVerifier [0x00AF4679+177433]
GetHandleVerifier [0x00AEAFE1+138881]
GetHandleVerifier [0x00AEBD62+142338]
GetHandleVerifier [0x00AEB45E+140030]
GetHandleVerifier [0x00AEB6E6+140678]
GetHandleVerifier [0x00AEB025+138949]
GetHandleVerifier [0x00AF2A0A+170154]
GetHandleVerifier [0x00AEAFE1+138881]
GetHandleVerifier [0x00AEBD62+142338]
GetHandleVerifier [0x00AEB45E+140030]
GetHandleVerifier [0x00AEB6E6+140678]
GetHandleVerifier [0x00AEB025+138949]
GetHandleVerifier [0x00AF0D69+162825]
GetHandleVerifier [0x00AEAFE1+138881]
GetHandleVerifier [0x00AEBD62+142338]
GetHandleVerifier [0x00AEB45E+140030]
GetHandleVerifier [0x00AEB6E6+140678]
GetHandleVerifier [0x00AEB025+138949]
GetHandleVerifier [0x00AF017C+159772]
GetHandleVerifier [0x00AEAFE1+138881]
GetHandleVerifier [0x00AEBD62+142338]
GetHandleVerifier [0x00AEB45E+140030]
GetHandleVerifier [0x00AEB6E6+140678]
GetHandleVerifier [0x00AEB025+138949]
GetHandleVerifier [0x00AE76ED+124301]
GetHandleVerifier [0x00AEAFE1+138881]
GetHandleVerifier [0x00AEAE03+138403]
GetHandleVerifier [0x00AEABF7+137879]
GetHandleVerifier [0x00AF9930+198608]
GetHandleVerifier [0x00B35758+443896]
GetHandleVerifier [0x00B347FC+439964]
GetHandleVerifier [0x00B3154B+426987]
GetHandleVerifier [0x00B14FFD+310941]
GetHandleVerifier [0x00B15D8E+314414]
GetHandleVerifier [0x00B15D19+314297]
GetHandleVerifier [0x00BD31EC+1089676]
GetHandleVerifier [0x00BD17C9+1082985]
GetHandleVerifier [0x00BD13A3+1081923]
GetHandleVerifier [0x00CCD9FD+2115741]
Ordinal0 [0x009FB82E+1488942]
Ordinal0 [0x00995A7D+1071741]
Ordinal0 [0x0099559B+1070491]
Ordinal0 [0x009954B1+1070257]
Ordinal0 [0x009CFF53+1310547]
BaseThreadInitThunk [0x7576FA29+25]
RtlGetAppContainerNamedObjectPath [0x772F7C7E+286]
RtlGetAppContainerNamedObjectPath [0x772F7C4E+238]

at sun.reflect.NativeConstructorAccessorImpl.newInstance0(Native Method)
at sun.reflect.NativeConstructorAccessorImpl.newInstance(NativeConstructorAccessorImpl.java:62)
at sun.reflect.DelegatingConstructorAccessorImpl.newInstance(DelegatingConstructorAccessorImpl.java:45)
at java.lang.reflect.Constructor.newInstance(Constructor.java:423)
at org.openqa.selenium.remote.W3CHandshakeResponse.lambda$errorHandler$0(W3CHandshakeResponse.java:62)
at org.openqa.selenium.remote.HandshakeResponse.lambda$getResponseFunction$0(HandshakeResponse.java:30)
at org.openqa.selenium.remote.ProtocolHandshake.lambda$createSession$0(ProtocolHandshake.java:126)
at java.util.stream.ReferencePipeline$3$1.accept(ReferencePipeline.java:193)
at java.util.Spliterators$ArraySpliterator.tryAdvance(Spliterators.java:958)
at java.util.stream.ReferencePipeline.forEachWithCancel(ReferencePipeline.java:126)
at java.util.stream.AbstractPipeline.copyIntoWithCancel(AbstractPipeline.java:498)
at java.util.stream.AbstractPipeline.copyInto(AbstractPipeline.java:485)
at java.util.stream.AbstractPipeline.wrapAndCopyInto(AbstractPipeline.java:471)
at java.util.stream.FindOps$FindOp.evaluateSequential(FindOps.java:152)
at java.util.stream.AbstractPipeline.evaluate(AbstractPipeline.java:234)
at java.util.stream.ReferencePipeline.findFirst(ReferencePipeline.java:464)
at org.openqa.selenium.remote.ProtocolHandshake.createSession(ProtocolHandshake.java:128)
at org.openqa.selenium.remote.ProtocolHandshake.createSession(ProtocolHandshake.java:74)
at org.openqa.selenium.remote.HttpCommandExecutor.execute(HttpCommandExecutor.java:136)
at org.openqa.selenium.remote.service.DriverCommandExecutor.execute(DriverCommandExecutor.java:83)
at org.openqa.selenium.remote.RemoteWebDriver.execute(RemoteWebDriver.java:552)
at org.openqa.selenium.remote.RemoteWebDriver.startSession(RemoteWebDriver.java:213)
at org.openqa.selenium.remote.RemoteWebDriver.<init>(RemoteWebDriver.java:131)
at org.openqa.selenium.chrome.ChromeDriver.<init>(ChromeDriver.java:181)
at org.openqa.selenium.chrome.ChromeDriver.<init>(ChromeDriver.java:168)
at org.openqa.selenium.chrome.ChromeDriver.<init>(ChromeDriver.java:123)
at com.SeleniumTopics.TestNg.TestNgLoadTesting.testGoogleSearch(TestNgLoadTesting.java:34)
at sun.reflect.NativeMethodAccessorImpl.invoke0(Native Method)
at sun.reflect.NativeMethodAccessorImpl.invoke(NativeMethodAccessorImpl.java:62)
at sun.reflect.DelegatingMethodAccessorImpl.invoke(DelegatingMethodAccessorImpl.java:43)
at java.lang.reflect.Method.invoke(Method.java:498)
at org.testng.internal.MethodInvocationHelper.invokeMethod(MethodInvocationHelper.java:124)
at org.testng.internal.Invoker.invokeMethod(Invoker.java:580)
at org.testng.internal.Invoker.invokeTestMethod(Invoker.java:716)
at org.testng.internal.Invoker.invokeTestMethods(Invoker.java:988)
at org.testng.internal.TestMethodWorker.invokeTestMethods(TestMethodWorker.java:125)
at org.testng.internal.TestMethodWorker.run(TestMethodWorker.java:109)
at org.testng.internal.thread.ThreadUtil$1.call(ThreadUtil.java:52)
at java.util.concurrent.FutureTask.run(FutureTask.java:266)
at java.util.concurrent.ThreadPoolExecutor.runWorker(ThreadPoolExecutor.java:1142)
at java.util.concurrent.ThreadPoolExecutor$Worker.run(ThreadPoolExecutor.java:617)
at java.lang.Thread.run(Thread.java:745)
]]>
    </error>
  </testcase> <!-- testGoogleSearch -->
  <testcase name="testGoogleSearch" time="63.463" classname="com.SeleniumTopics.TestNg.TestNgLoadTesting">
    <error type="org.openqa.selenium.SessionNotCreatedException" message="session not created
from disconnected: received Inspector.detached event
  (Session info: chrome=89.0.4389.82)
Build info: version: &#039;3.141.59&#039;, revision: &#039;e82be7d358&#039;, time: &#039;2018-11-14T08:17:03&#039;
System info: host: &#039;DESKTOP-A9DN365&#039;, ip: &#039;192.168.1.4&#039;, os.name: &#039;Windows 10&#039;, os.arch: &#039;amd64&#039;, os.version: &#039;10.0&#039;, java.version: &#039;1.8.0_91&#039;
Driver info: driver.version: ChromeDriver
remote stacktrace: Backtrace:
	Ordinal0 [0x008AE7D3+124883]
	Ordinal0 [0x008AE7B1+124849]
	GetHandleVerifier [0x00AF8688+193832]
	GetHandleVerifier [0x00AECB71+145937]
	GetHandleVerifier [0x00AEC7F9+145049]
	GetHandleVerifier [0x00AEBF7D+142877]
	GetHandleVerifier [0x00AEB45E+140030]
	GetHandleVerifier [0x00AEB6E6+140678]
	GetHandleVerifier [0x00AEB025+138949]
	GetHandleVerifier [0x00AF4679+177433]
	GetHandleVerifier [0x00AEAFE1+138881]
	GetHandleVerifier [0x00AEBD62+142338]
	GetHandleVerifier [0x00AEB45E+140030]
	GetHandleVerifier [0x00AEB6E6+140678]
	GetHandleVerifier [0x00AEB025+138949]
	GetHandleVerifier [0x00AF2A0A+170154]
	GetHandleVerifier [0x00AEAFE1+138881]
	GetHandleVerifier [0x00AEBD62+142338]
	GetHandleVerifier [0x00AEB45E+140030]
	GetHandleVerifier [0x00AEB6E6+140678]
	GetHandleVerifier [0x00AEB025+138949]
	GetHandleVerifier [0x00AF0D69+162825]
	GetHandleVerifier [0x00AEAFE1+138881]
	GetHandleVerifier [0x00AEBD62+142338]
	GetHandleVerifier [0x00AEB45E+140030]
	GetHandleVerifier [0x00AEB6E6+140678]
	GetHandleVerifier [0x00AEB025+138949]
	GetHandleVerifier [0x00AF017C+159772]
	GetHandleVerifier [0x00AEAFE1+138881]
	GetHandleVerifier [0x00AEBD62+142338]
	GetHandleVerifier [0x00AEB45E+140030]
	GetHandleVerifier [0x00AEB6E6+140678]
	GetHandleVerifier [0x00AEB025+138949]
	GetHandleVerifier [0x00AE76ED+124301]
	GetHandleVerifier [0x00AEAFE1+138881]
	GetHandleVerifier [0x00AEAE03+138403]
	GetHandleVerifier [0x00AEABF7+137879]
	GetHandleVerifier [0x00AF9930+198608]
	GetHandleVerifier [0x00B35758+443896]
	GetHandleVerifier [0x00B347FC+439964]
	GetHandleVerifier [0x00B3154B+426987]
	GetHandleVerifier [0x00B14FFD+310941]
	GetHandleVerifier [0x00B15D8E+314414]
	GetHandleVerifier [0x00B15D19+314297]
	GetHandleVerifier [0x00BD31EC+1089676]
	GetHandleVerifier [0x00BD17C9+1082985]
	GetHandleVerifier [0x00BD13A3+1081923]
	GetHandleVerifier [0x00CCD9FD+2115741]
	Ordinal0 [0x009FB82E+1488942]
	Ordinal0 [0x00995A7D+1071741]
	Ordinal0 [0x0099559B+1070491]
	Ordinal0 [0x009954B1+1070257]
	Ordinal0 [0x009CFF53+1310547]
	BaseThreadInitThunk [0x7576FA29+25]
	RtlGetAppContainerNamedObjectPath [0x772F7C7E+286]
	RtlGetAppContainerNamedObjectPath [0x772F7C4E+238]
">
      <![CDATA[org.openqa.selenium.SessionNotCreatedException: session not created
from disconnected: received Inspector.detached event
  (Session info: chrome=89.0.4389.82)
Build info: version: '3.141.59', revision: 'e82be7d358', time: '2018-11-14T08:17:03'
System info: host: 'DESKTOP-A9DN365', ip: '192.168.1.4', os.name: 'Windows 10', os.arch: 'amd64', os.version: '10.0', java.version: '1.8.0_91'
Driver info: driver.version: ChromeDriver
remote stacktrace: Backtrace:
Ordinal0 [0x008AE7D3+124883]
Ordinal0 [0x008AE7B1+124849]
GetHandleVerifier [0x00AF8688+193832]
GetHandleVerifier [0x00AECB71+145937]
GetHandleVerifier [0x00AEC7F9+145049]
GetHandleVerifier [0x00AEBF7D+142877]
GetHandleVerifier [0x00AEB45E+140030]
GetHandleVerifier [0x00AEB6E6+140678]
GetHandleVerifier [0x00AEB025+138949]
GetHandleVerifier [0x00AF4679+177433]
GetHandleVerifier [0x00AEAFE1+138881]
GetHandleVerifier [0x00AEBD62+142338]
GetHandleVerifier [0x00AEB45E+140030]
GetHandleVerifier [0x00AEB6E6+140678]
GetHandleVerifier [0x00AEB025+138949]
GetHandleVerifier [0x00AF2A0A+170154]
GetHandleVerifier [0x00AEAFE1+138881]
GetHandleVerifier [0x00AEBD62+142338]
GetHandleVerifier [0x00AEB45E+140030]
GetHandleVerifier [0x00AEB6E6+140678]
GetHandleVerifier [0x00AEB025+138949]
GetHandleVerifier [0x00AF0D69+162825]
GetHandleVerifier [0x00AEAFE1+138881]
GetHandleVerifier [0x00AEBD62+142338]
GetHandleVerifier [0x00AEB45E+140030]
GetHandleVerifier [0x00AEB6E6+140678]
GetHandleVerifier [0x00AEB025+138949]
GetHandleVerifier [0x00AF017C+159772]
GetHandleVerifier [0x00AEAFE1+138881]
GetHandleVerifier [0x00AEBD62+142338]
GetHandleVerifier [0x00AEB45E+140030]
GetHandleVerifier [0x00AEB6E6+140678]
GetHandleVerifier [0x00AEB025+138949]
GetHandleVerifier [0x00AE76ED+124301]
GetHandleVerifier [0x00AEAFE1+138881]
GetHandleVerifier [0x00AEAE03+138403]
GetHandleVerifier [0x00AEABF7+137879]
GetHandleVerifier [0x00AF9930+198608]
GetHandleVerifier [0x00B35758+443896]
GetHandleVerifier [0x00B347FC+439964]
GetHandleVerifier [0x00B3154B+426987]
GetHandleVerifier [0x00B14FFD+310941]
GetHandleVerifier [0x00B15D8E+314414]
GetHandleVerifier [0x00B15D19+314297]
GetHandleVerifier [0x00BD31EC+1089676]
GetHandleVerifier [0x00BD17C9+1082985]
GetHandleVerifier [0x00BD13A3+1081923]
GetHandleVerifier [0x00CCD9FD+2115741]
Ordinal0 [0x009FB82E+1488942]
Ordinal0 [0x00995A7D+1071741]
Ordinal0 [0x0099559B+1070491]
Ordinal0 [0x009954B1+1070257]
Ordinal0 [0x009CFF53+1310547]
BaseThreadInitThunk [0x7576FA29+25]
RtlGetAppContainerNamedObjectPath [0x772F7C7E+286]
RtlGetAppContainerNamedObjectPath [0x772F7C4E+238]

at sun.reflect.NativeConstructorAccessorImpl.newInstance0(Native Method)
at sun.reflect.NativeConstructorAccessorImpl.newInstance(NativeConstructorAccessorImpl.java:62)
at sun.reflect.DelegatingConstructorAccessorImpl.newInstance(DelegatingConstructorAccessorImpl.java:45)
at java.lang.reflect.Constructor.newInstance(Constructor.java:423)
at org.openqa.selenium.remote.W3CHandshakeResponse.lambda$errorHandler$0(W3CHandshakeResponse.java:62)
at org.openqa.selenium.remote.HandshakeResponse.lambda$getResponseFunction$0(HandshakeResponse.java:30)
at org.openqa.selenium.remote.ProtocolHandshake.lambda$createSession$0(ProtocolHandshake.java:126)
at java.util.stream.ReferencePipeline$3$1.accept(ReferencePipeline.java:193)
at java.util.Spliterators$ArraySpliterator.tryAdvance(Spliterators.java:958)
at java.util.stream.ReferencePipeline.forEachWithCancel(ReferencePipeline.java:126)
at java.util.stream.AbstractPipeline.copyIntoWithCancel(AbstractPipeline.java:498)
at java.util.stream.AbstractPipeline.copyInto(AbstractPipeline.java:485)
at java.util.stream.AbstractPipeline.wrapAndCopyInto(AbstractPipeline.java:471)
at java.util.stream.FindOps$FindOp.evaluateSequential(FindOps.java:152)
at java.util.stream.AbstractPipeline.evaluate(AbstractPipeline.java:234)
at java.util.stream.ReferencePipeline.findFirst(ReferencePipeline.java:464)
at org.openqa.selenium.remote.ProtocolHandshake.createSession(ProtocolHandshake.java:128)
at org.openqa.selenium.remote.ProtocolHandshake.createSession(ProtocolHandshake.java:74)
at org.openqa.selenium.remote.HttpCommandExecutor.execute(HttpCommandExecutor.java:136)
at org.openqa.selenium.remote.service.DriverCommandExecutor.execute(DriverCommandExecutor.java:83)
at org.openqa.selenium.remote.RemoteWebDriver.execute(RemoteWebDriver.java:552)
at org.openqa.selenium.remote.RemoteWebDriver.startSession(RemoteWebDriver.java:213)
at org.openqa.selenium.remote.RemoteWebDriver.<init>(RemoteWebDriver.java:131)
at org.openqa.selenium.chrome.ChromeDriver.<init>(ChromeDriver.java:181)
at org.openqa.selenium.chrome.ChromeDriver.<init>(ChromeDriver.java:168)
at org.openqa.selenium.chrome.ChromeDriver.<init>(ChromeDriver.java:123)
at com.SeleniumTopics.TestNg.TestNgLoadTesting.testGoogleSearch(TestNgLoadTesting.java:34)
at sun.reflect.NativeMethodAccessorImpl.invoke0(Native Method)
at sun.reflect.NativeMethodAccessorImpl.invoke(NativeMethodAccessorImpl.java:62)
at sun.reflect.DelegatingMethodAccessorImpl.invoke(DelegatingMethodAccessorImpl.java:43)
at java.lang.reflect.Method.invoke(Method.java:498)
at org.testng.internal.MethodInvocationHelper.invokeMethod(MethodInvocationHelper.java:124)
at org.testng.internal.Invoker.invokeMethod(Invoker.java:580)
at org.testng.internal.Invoker.invokeTestMethod(Invoker.java:716)
at org.testng.internal.Invoker.invokeTestMethods(Invoker.java:988)
at org.testng.internal.TestMethodWorker.invokeTestMethods(TestMethodWorker.java:125)
at org.testng.internal.TestMethodWorker.run(TestMethodWorker.java:109)
at org.testng.internal.thread.ThreadUtil$1.call(ThreadUtil.java:52)
at java.util.concurrent.FutureTask.run(FutureTask.java:266)
at java.util.concurrent.ThreadPoolExecutor.runWorker(ThreadPoolExecutor.java:1142)
at java.util.concurrent.ThreadPoolExecutor$Worker.run(ThreadPoolExecutor.java:617)
at java.lang.Thread.run(Thread.java:745)
]]>
    </error>
  </testcase> <!-- testGoogleSearch -->
  <testcase name="testGoogleSearch" time="93.368" classname="com.SeleniumTopics.TestNg.TestNgLoadTesting">
    <error type="org.openqa.selenium.SessionNotCreatedException" message="session not created
from disconnected: received Inspector.detached event
  (Session info: chrome=89.0.4389.82)
Build info: version: &#039;3.141.59&#039;, revision: &#039;e82be7d358&#039;, time: &#039;2018-11-14T08:17:03&#039;
System info: host: &#039;DESKTOP-A9DN365&#039;, ip: &#039;192.168.1.4&#039;, os.name: &#039;Windows 10&#039;, os.arch: &#039;amd64&#039;, os.version: &#039;10.0&#039;, java.version: &#039;1.8.0_91&#039;
Driver info: driver.version: ChromeDriver
remote stacktrace: Backtrace:
	Ordinal0 [0x008AE7D3+124883]
	Ordinal0 [0x008AE7B1+124849]
	GetHandleVerifier [0x00AF8688+193832]
	GetHandleVerifier [0x00AECB71+145937]
	GetHandleVerifier [0x00AEC7F9+145049]
	GetHandleVerifier [0x00AEBF7D+142877]
	GetHandleVerifier [0x00AEB45E+140030]
	GetHandleVerifier [0x00AEB6E6+140678]
	GetHandleVerifier [0x00AEB025+138949]
	GetHandleVerifier [0x00AF4679+177433]
	GetHandleVerifier [0x00AEAFE1+138881]
	GetHandleVerifier [0x00AEBD62+142338]
	GetHandleVerifier [0x00AEB45E+140030]
	GetHandleVerifier [0x00AEB6E6+140678]
	GetHandleVerifier [0x00AEB025+138949]
	GetHandleVerifier [0x00AF2A0A+170154]
	GetHandleVerifier [0x00AEAFE1+138881]
	GetHandleVerifier [0x00AEBD62+142338]
	GetHandleVerifier [0x00AEB45E+140030]
	GetHandleVerifier [0x00AEB6E6+140678]
	GetHandleVerifier [0x00AEB025+138949]
	GetHandleVerifier [0x00AF0D69+162825]
	GetHandleVerifier [0x00AEAFE1+138881]
	GetHandleVerifier [0x00AEBD62+142338]
	GetHandleVerifier [0x00AEB45E+140030]
	GetHandleVerifier [0x00AEB6E6+140678]
	GetHandleVerifier [0x00AEB025+138949]
	GetHandleVerifier [0x00AF017C+159772]
	GetHandleVerifier [0x00AEAFE1+138881]
	GetHandleVerifier [0x00AEBD62+142338]
	GetHandleVerifier [0x00AEB45E+140030]
	GetHandleVerifier [0x00AEB6E6+140678]
	GetHandleVerifier [0x00AEB025+138949]
	GetHandleVerifier [0x00AE76ED+124301]
	GetHandleVerifier [0x00AEAFE1+138881]
	GetHandleVerifier [0x00AEAE03+138403]
	GetHandleVerifier [0x00AEABF7+137879]
	GetHandleVerifier [0x00AF9930+198608]
	GetHandleVerifier [0x00B35758+443896]
	GetHandleVerifier [0x00B347FC+439964]
	GetHandleVerifier [0x00B3154B+426987]
	GetHandleVerifier [0x00B14FFD+310941]
	GetHandleVerifier [0x00B15D8E+314414]
	GetHandleVerifier [0x00B15D19+314297]
	GetHandleVerifier [0x00BD31EC+1089676]
	GetHandleVerifier [0x00BD17C9+1082985]
	GetHandleVerifier [0x00BD13A3+1081923]
	GetHandleVerifier [0x00CCD9FD+2115741]
	Ordinal0 [0x009FB82E+1488942]
	Ordinal0 [0x00995A7D+1071741]
	Ordinal0 [0x0099559B+1070491]
	Ordinal0 [0x009954B1+1070257]
	Ordinal0 [0x009CFF53+1310547]
	BaseThreadInitThunk [0x7576FA29+25]
	RtlGetAppContainerNamedObjectPath [0x772F7C7E+286]
	RtlGetAppContainerNamedObjectPath [0x772F7C4E+238]
">
      <![CDATA[org.openqa.selenium.SessionNotCreatedException: session not created
from disconnected: received Inspector.detached event
  (Session info: chrome=89.0.4389.82)
Build info: version: '3.141.59', revision: 'e82be7d358', time: '2018-11-14T08:17:03'
System info: host: 'DESKTOP-A9DN365', ip: '192.168.1.4', os.name: 'Windows 10', os.arch: 'amd64', os.version: '10.0', java.version: '1.8.0_91'
Driver info: driver.version: ChromeDriver
remote stacktrace: Backtrace:
Ordinal0 [0x008AE7D3+124883]
Ordinal0 [0x008AE7B1+124849]
GetHandleVerifier [0x00AF8688+193832]
GetHandleVerifier [0x00AECB71+145937]
GetHandleVerifier [0x00AEC7F9+145049]
GetHandleVerifier [0x00AEBF7D+142877]
GetHandleVerifier [0x00AEB45E+140030]
GetHandleVerifier [0x00AEB6E6+140678]
GetHandleVerifier [0x00AEB025+138949]
GetHandleVerifier [0x00AF4679+177433]
GetHandleVerifier [0x00AEAFE1+138881]
GetHandleVerifier [0x00AEBD62+142338]
GetHandleVerifier [0x00AEB45E+140030]
GetHandleVerifier [0x00AEB6E6+140678]
GetHandleVerifier [0x00AEB025+138949]
GetHandleVerifier [0x00AF2A0A+170154]
GetHandleVerifier [0x00AEAFE1+138881]
GetHandleVerifier [0x00AEBD62+142338]
GetHandleVerifier [0x00AEB45E+140030]
GetHandleVerifier [0x00AEB6E6+140678]
GetHandleVerifier [0x00AEB025+138949]
GetHandleVerifier [0x00AF0D69+162825]
GetHandleVerifier [0x00AEAFE1+138881]
GetHandleVerifier [0x00AEBD62+142338]
GetHandleVerifier [0x00AEB45E+140030]
GetHandleVerifier [0x00AEB6E6+140678]
GetHandleVerifier [0x00AEB025+138949]
GetHandleVerifier [0x00AF017C+159772]
GetHandleVerifier [0x00AEAFE1+138881]
GetHandleVerifier [0x00AEBD62+142338]
GetHandleVerifier [0x00AEB45E+140030]
GetHandleVerifier [0x00AEB6E6+140678]
GetHandleVerifier [0x00AEB025+138949]
GetHandleVerifier [0x00AE76ED+124301]
GetHandleVerifier [0x00AEAFE1+138881]
GetHandleVerifier [0x00AEAE03+138403]
GetHandleVerifier [0x00AEABF7+137879]
GetHandleVerifier [0x00AF9930+198608]
GetHandleVerifier [0x00B35758+443896]
GetHandleVerifier [0x00B347FC+439964]
GetHandleVerifier [0x00B3154B+426987]
GetHandleVerifier [0x00B14FFD+310941]
GetHandleVerifier [0x00B15D8E+314414]
GetHandleVerifier [0x00B15D19+314297]
GetHandleVerifier [0x00BD31EC+1089676]
GetHandleVerifier [0x00BD17C9+1082985]
GetHandleVerifier [0x00BD13A3+1081923]
GetHandleVerifier [0x00CCD9FD+2115741]
Ordinal0 [0x009FB82E+1488942]
Ordinal0 [0x00995A7D+1071741]
Ordinal0 [0x0099559B+1070491]
Ordinal0 [0x009954B1+1070257]
Ordinal0 [0x009CFF53+1310547]
BaseThreadInitThunk [0x7576FA29+25]
RtlGetAppContainerNamedObjectPath [0x772F7C7E+286]
RtlGetAppContainerNamedObjectPath [0x772F7C4E+238]

at sun.reflect.NativeConstructorAccessorImpl.newInstance0(Native Method)
at sun.reflect.NativeConstructorAccessorImpl.newInstance(NativeConstructorAccessorImpl.java:62)
at sun.reflect.DelegatingConstructorAccessorImpl.newInstance(DelegatingConstructorAccessorImpl.java:45)
at java.lang.reflect.Constructor.newInstance(Constructor.java:423)
at org.openqa.selenium.remote.W3CHandshakeResponse.lambda$errorHandler$0(W3CHandshakeResponse.java:62)
at org.openqa.selenium.remote.HandshakeResponse.lambda$getResponseFunction$0(HandshakeResponse.java:30)
at org.openqa.selenium.remote.ProtocolHandshake.lambda$createSession$0(ProtocolHandshake.java:126)
at java.util.stream.ReferencePipeline$3$1.accept(ReferencePipeline.java:193)
at java.util.Spliterators$ArraySpliterator.tryAdvance(Spliterators.java:958)
at java.util.stream.ReferencePipeline.forEachWithCancel(ReferencePipeline.java:126)
at java.util.stream.AbstractPipeline.copyIntoWithCancel(AbstractPipeline.java:498)
at java.util.stream.AbstractPipeline.copyInto(AbstractPipeline.java:485)
at java.util.stream.AbstractPipeline.wrapAndCopyInto(AbstractPipeline.java:471)
at java.util.stream.FindOps$FindOp.evaluateSequential(FindOps.java:152)
at java.util.stream.AbstractPipeline.evaluate(AbstractPipeline.java:234)
at java.util.stream.ReferencePipeline.findFirst(ReferencePipeline.java:464)
at org.openqa.selenium.remote.ProtocolHandshake.createSession(ProtocolHandshake.java:128)
at org.openqa.selenium.remote.ProtocolHandshake.createSession(ProtocolHandshake.java:74)
at org.openqa.selenium.remote.HttpCommandExecutor.execute(HttpCommandExecutor.java:136)
at org.openqa.selenium.remote.service.DriverCommandExecutor.execute(DriverCommandExecutor.java:83)
at org.openqa.selenium.remote.RemoteWebDriver.execute(RemoteWebDriver.java:552)
at org.openqa.selenium.remote.RemoteWebDriver.startSession(RemoteWebDriver.java:213)
at org.openqa.selenium.remote.RemoteWebDriver.<init>(RemoteWebDriver.java:131)
at org.openqa.selenium.chrome.ChromeDriver.<init>(ChromeDriver.java:181)
at org.openqa.selenium.chrome.ChromeDriver.<init>(ChromeDriver.java:168)
at org.openqa.selenium.chrome.ChromeDriver.<init>(ChromeDriver.java:123)
at com.SeleniumTopics.TestNg.TestNgLoadTesting.testGoogleSearch(TestNgLoadTesting.java:34)
at sun.reflect.NativeMethodAccessorImpl.invoke0(Native Method)
at sun.reflect.NativeMethodAccessorImpl.invoke(NativeMethodAccessorImpl.java:62)
at sun.reflect.DelegatingMethodAccessorImpl.invoke(DelegatingMethodAccessorImpl.java:43)
at java.lang.reflect.Method.invoke(Method.java:498)
at org.testng.internal.MethodInvocationHelper.invokeMethod(MethodInvocationHelper.java:124)
at org.testng.internal.Invoker.invokeMethod(Invoker.java:580)
at org.testng.internal.Invoker.invokeTestMethod(Invoker.java:716)
at org.testng.internal.Invoker.invokeTestMethods(Invoker.java:988)
at org.testng.internal.TestMethodWorker.invokeTestMethods(TestMethodWorker.java:125)
at org.testng.internal.TestMethodWorker.run(TestMethodWorker.java:109)
at org.testng.internal.thread.ThreadUtil$1.call(ThreadUtil.java:52)
at java.util.concurrent.FutureTask.run(FutureTask.java:266)
at java.util.concurrent.ThreadPoolExecutor.runWorker(ThreadPoolExecutor.java:1142)
at java.util.concurrent.ThreadPoolExecutor$Worker.run(ThreadPoolExecutor.java:617)
at java.lang.Thread.run(Thread.java:745)
]]>
    </error>
  </testcase> <!-- testGoogleSearch -->
  <testcase name="test2" time="0.094" classname="com.SeleniumTopics.TestNg.TestNgLoadTesting"/>
  <testcase name="test2" time="0.062" classname="com.SeleniumTopics.TestNg.TestNgLoadTesting"/>
  <testcase name="test1" time="0.005" classname="com.SeleniumTopics.TestNg.TestNgLoadTesting"/>
  <testcase name="test1" time="0.018" classname="com.SeleniumTopics.TestNg.TestNgLoadTesting"/>
  <testcase name="testGoogleSearch" time="43.993" classname="com.SeleniumTopics.TestNg.TestNgLoadTesting">
    <error type="org.openqa.selenium.SessionNotCreatedException" message="session not created
from disconnected: received Inspector.detached event
  (Session info: chrome=89.0.4389.82)
Build info: version: &#039;3.141.59&#039;, revision: &#039;e82be7d358&#039;, time: &#039;2018-11-14T08:17:03&#039;
System info: host: &#039;DESKTOP-A9DN365&#039;, ip: &#039;192.168.1.4&#039;, os.name: &#039;Windows 10&#039;, os.arch: &#039;amd64&#039;, os.version: &#039;10.0&#039;, java.version: &#039;1.8.0_91&#039;
Driver info: driver.version: ChromeDriver
remote stacktrace: Backtrace:
	Ordinal0 [0x008AE7D3+124883]
	Ordinal0 [0x008AE7B1+124849]
	GetHandleVerifier [0x00AF8688+193832]
	GetHandleVerifier [0x00AECB71+145937]
	GetHandleVerifier [0x00AEC7F9+145049]
	GetHandleVerifier [0x00AEBF7D+142877]
	GetHandleVerifier [0x00AEB45E+140030]
	GetHandleVerifier [0x00AEB6E6+140678]
	GetHandleVerifier [0x00AEB025+138949]
	GetHandleVerifier [0x00AF4679+177433]
	GetHandleVerifier [0x00AEAFE1+138881]
	GetHandleVerifier [0x00AEBD62+142338]
	GetHandleVerifier [0x00AEB45E+140030]
	GetHandleVerifier [0x00AEB6E6+140678]
	GetHandleVerifier [0x00AEB025+138949]
	GetHandleVerifier [0x00AF2A0A+170154]
	GetHandleVerifier [0x00AEAFE1+138881]
	GetHandleVerifier [0x00AEBD62+142338]
	GetHandleVerifier [0x00AEB45E+140030]
	GetHandleVerifier [0x00AEB6E6+140678]
	GetHandleVerifier [0x00AEB025+138949]
	GetHandleVerifier [0x00AF0D69+162825]
	GetHandleVerifier [0x00AEAFE1+138881]
	GetHandleVerifier [0x00AEBD62+142338]
	GetHandleVerifier [0x00AEB45E+140030]
	GetHandleVerifier [0x00AEB6E6+140678]
	GetHandleVerifier [0x00AEB025+138949]
	GetHandleVerifier [0x00AF017C+159772]
	GetHandleVerifier [0x00AEAFE1+138881]
	GetHandleVerifier [0x00AEBD62+142338]
	GetHandleVerifier [0x00AEB45E+140030]
	GetHandleVerifier [0x00AEB6E6+140678]
	GetHandleVerifier [0x00AEB025+138949]
	GetHandleVerifier [0x00AE76ED+124301]
	GetHandleVerifier [0x00AEAFE1+138881]
	GetHandleVerifier [0x00AEAE03+138403]
	GetHandleVerifier [0x00AEABF7+137879]
	GetHandleVerifier [0x00AF9930+198608]
	GetHandleVerifier [0x00B35758+443896]
	GetHandleVerifier [0x00B347FC+439964]
	GetHandleVerifier [0x00B3154B+426987]
	GetHandleVerifier [0x00B14FFD+310941]
	GetHandleVerifier [0x00B15D8E+314414]
	GetHandleVerifier [0x00B15D19+314297]
	GetHandleVerifier [0x00BD31EC+1089676]
	GetHandleVerifier [0x00BD17C9+1082985]
	GetHandleVerifier [0x00BD13A3+1081923]
	GetHandleVerifier [0x00CCD9FD+2115741]
	Ordinal0 [0x009FB82E+1488942]
	Ordinal0 [0x00995A7D+1071741]
	Ordinal0 [0x0099559B+1070491]
	Ordinal0 [0x009954B1+1070257]
	Ordinal0 [0x009CFF53+1310547]
	BaseThreadInitThunk [0x7576FA29+25]
	RtlGetAppContainerNamedObjectPath [0x772F7C7E+286]
	RtlGetAppContainerNamedObjectPath [0x772F7C4E+238]
">
      <![CDATA[org.openqa.selenium.SessionNotCreatedException: session not created
from disconnected: received Inspector.detached event
  (Session info: chrome=89.0.4389.82)
Build info: version: '3.141.59', revision: 'e82be7d358', time: '2018-11-14T08:17:03'
System info: host: 'DESKTOP-A9DN365', ip: '192.168.1.4', os.name: 'Windows 10', os.arch: 'amd64', os.version: '10.0', java.version: '1.8.0_91'
Driver info: driver.version: ChromeDriver
remote stacktrace: Backtrace:
Ordinal0 [0x008AE7D3+124883]
Ordinal0 [0x008AE7B1+124849]
GetHandleVerifier [0x00AF8688+193832]
GetHandleVerifier [0x00AECB71+145937]
GetHandleVerifier [0x00AEC7F9+145049]
GetHandleVerifier [0x00AEBF7D+142877]
GetHandleVerifier [0x00AEB45E+140030]
GetHandleVerifier [0x00AEB6E6+140678]
GetHandleVerifier [0x00AEB025+138949]
GetHandleVerifier [0x00AF4679+177433]
GetHandleVerifier [0x00AEAFE1+138881]
GetHandleVerifier [0x00AEBD62+142338]
GetHandleVerifier [0x00AEB45E+140030]
GetHandleVerifier [0x00AEB6E6+140678]
GetHandleVerifier [0x00AEB025+138949]
GetHandleVerifier [0x00AF2A0A+170154]
GetHandleVerifier [0x00AEAFE1+138881]
GetHandleVerifier [0x00AEBD62+142338]
GetHandleVerifier [0x00AEB45E+140030]
GetHandleVerifier [0x00AEB6E6+140678]
GetHandleVerifier [0x00AEB025+138949]
GetHandleVerifier [0x00AF0D69+162825]
GetHandleVerifier [0x00AEAFE1+138881]
GetHandleVerifier [0x00AEBD62+142338]
GetHandleVerifier [0x00AEB45E+140030]
GetHandleVerifier [0x00AEB6E6+140678]
GetHandleVerifier [0x00AEB025+138949]
GetHandleVerifier [0x00AF017C+159772]
GetHandleVerifier [0x00AEAFE1+138881]
GetHandleVerifier [0x00AEBD62+142338]
GetHandleVerifier [0x00AEB45E+140030]
GetHandleVerifier [0x00AEB6E6+140678]
GetHandleVerifier [0x00AEB025+138949]
GetHandleVerifier [0x00AE76ED+124301]
GetHandleVerifier [0x00AEAFE1+138881]
GetHandleVerifier [0x00AEAE03+138403]
GetHandleVerifier [0x00AEABF7+137879]
GetHandleVerifier [0x00AF9930+198608]
GetHandleVerifier [0x00B35758+443896]
GetHandleVerifier [0x00B347FC+439964]
GetHandleVerifier [0x00B3154B+426987]
GetHandleVerifier [0x00B14FFD+310941]
GetHandleVerifier [0x00B15D8E+314414]
GetHandleVerifier [0x00B15D19+314297]
GetHandleVerifier [0x00BD31EC+1089676]
GetHandleVerifier [0x00BD17C9+1082985]
GetHandleVerifier [0x00BD13A3+1081923]
GetHandleVerifier [0x00CCD9FD+2115741]
Ordinal0 [0x009FB82E+1488942]
Ordinal0 [0x00995A7D+1071741]
Ordinal0 [0x0099559B+1070491]
Ordinal0 [0x009954B1+1070257]
Ordinal0 [0x009CFF53+1310547]
BaseThreadInitThunk [0x7576FA29+25]
RtlGetAppContainerNamedObjectPath [0x772F7C7E+286]
RtlGetAppContainerNamedObjectPath [0x772F7C4E+238]

at sun.reflect.NativeConstructorAccessorImpl.newInstance0(Native Method)
at sun.reflect.NativeConstructorAccessorImpl.newInstance(NativeConstructorAccessorImpl.java:62)
at sun.reflect.DelegatingConstructorAccessorImpl.newInstance(DelegatingConstructorAccessorImpl.java:45)
at java.lang.reflect.Constructor.newInstance(Constructor.java:423)
at org.openqa.selenium.remote.W3CHandshakeResponse.lambda$errorHandler$0(W3CHandshakeResponse.java:62)
at org.openqa.selenium.remote.HandshakeResponse.lambda$getResponseFunction$0(HandshakeResponse.java:30)
at org.openqa.selenium.remote.ProtocolHandshake.lambda$createSession$0(ProtocolHandshake.java:126)
at java.util.stream.ReferencePipeline$3$1.accept(ReferencePipeline.java:193)
at java.util.Spliterators$ArraySpliterator.tryAdvance(Spliterators.java:958)
at java.util.stream.ReferencePipeline.forEachWithCancel(ReferencePipeline.java:126)
at java.util.stream.AbstractPipeline.copyIntoWithCancel(AbstractPipeline.java:498)
at java.util.stream.AbstractPipeline.copyInto(AbstractPipeline.java:485)
at java.util.stream.AbstractPipeline.wrapAndCopyInto(AbstractPipeline.java:471)
at java.util.stream.FindOps$FindOp.evaluateSequential(FindOps.java:152)
at java.util.stream.AbstractPipeline.evaluate(AbstractPipeline.java:234)
at java.util.stream.ReferencePipeline.findFirst(ReferencePipeline.java:464)
at org.openqa.selenium.remote.ProtocolHandshake.createSession(ProtocolHandshake.java:128)
at org.openqa.selenium.remote.ProtocolHandshake.createSession(ProtocolHandshake.java:74)
at org.openqa.selenium.remote.HttpCommandExecutor.execute(HttpCommandExecutor.java:136)
at org.openqa.selenium.remote.service.DriverCommandExecutor.execute(DriverCommandExecutor.java:83)
at org.openqa.selenium.remote.RemoteWebDriver.execute(RemoteWebDriver.java:552)
at org.openqa.selenium.remote.RemoteWebDriver.startSession(RemoteWebDriver.java:213)
at org.openqa.selenium.remote.RemoteWebDriver.<init>(RemoteWebDriver.java:131)
at org.openqa.selenium.chrome.ChromeDriver.<init>(ChromeDriver.java:181)
at org.openqa.selenium.chrome.ChromeDriver.<init>(ChromeDriver.java:168)
at org.openqa.selenium.chrome.ChromeDriver.<init>(ChromeDriver.java:123)
at com.SeleniumTopics.TestNg.TestNgLoadTesting.testGoogleSearch(TestNgLoadTesting.java:34)
at sun.reflect.NativeMethodAccessorImpl.invoke0(Native Method)
at sun.reflect.NativeMethodAccessorImpl.invoke(NativeMethodAccessorImpl.java:62)
at sun.reflect.DelegatingMethodAccessorImpl.invoke(DelegatingMethodAccessorImpl.java:43)
at java.lang.reflect.Method.invoke(Method.java:498)
at org.testng.internal.MethodInvocationHelper.invokeMethod(MethodInvocationHelper.java:124)
at org.testng.internal.Invoker.invokeMethod(Invoker.java:580)
at org.testng.internal.Invoker.invokeTestMethod(Invoker.java:716)
at org.testng.internal.Invoker.invokeTestMethods(Invoker.java:988)
at org.testng.internal.TestMethodWorker.invokeTestMethods(TestMethodWorker.java:125)
at org.testng.internal.TestMethodWorker.run(TestMethodWorker.java:109)
at org.testng.internal.thread.ThreadUtil$1.call(ThreadUtil.java:52)
at java.util.concurrent.FutureTask.run(FutureTask.java:266)
at java.util.concurrent.ThreadPoolExecutor.runWorker(ThreadPoolExecutor.java:1142)
at java.util.concurrent.ThreadPoolExecutor$Worker.run(ThreadPoolExecutor.java:617)
at java.lang.Thread.run(Thread.java:745)
]]>
    </error>
  </testcase> <!-- testGoogleSearch -->
  <testcase name="testGoogleSearch" time="81.097" classname="com.SeleniumTopics.TestNg.TestNgLoadTesting">
    <error type="org.openqa.selenium.WebDriverException" message="chrome not reachable
  (Session info: chrome=89.0.4389.82)
Build info: version: &#039;3.141.59&#039;, revision: &#039;e82be7d358&#039;, time: &#039;2018-11-14T08:17:03&#039;
System info: host: &#039;DESKTOP-A9DN365&#039;, ip: &#039;192.168.1.4&#039;, os.name: &#039;Windows 10&#039;, os.arch: &#039;amd64&#039;, os.version: &#039;10.0&#039;, java.version: &#039;1.8.0_91&#039;
Driver info: org.openqa.selenium.chrome.ChromeDriver
Capabilities {acceptInsecureCerts: false, browserName: chrome, browserVersion: 89.0.4389.82, chrome: {chromedriverVersion: 89.0.4389.23 (61b08ee2c5002..., userDataDir: C:\Users\raghu\AppData\Loca...}, goog:chromeOptions: {debuggerAddress: localhost:54964}, javascriptEnabled: true, networkConnectionEnabled: false, pageLoadStrategy: normal, platform: WINDOWS, platformName: WINDOWS, proxy: Proxy(), setWindowRect: true, strictFileInteractability: false, timeouts: {implicit: 0, pageLoad: 300000, script: 30000}, unhandledPromptBehavior: dismiss and notify, webauthn:extension:largeBlob: true, webauthn:virtualAuthenticators: true}
Session ID: fe2f4e797411ab807565339c4bb926ef
*** Element info: {Using=name, value=btnK}">
      <![CDATA[org.openqa.selenium.WebDriverException: chrome not reachable
  (Session info: chrome=89.0.4389.82)
Build info: version: '3.141.59', revision: 'e82be7d358', time: '2018-11-14T08:17:03'
System info: host: 'DESKTOP-A9DN365', ip: '192.168.1.4', os.name: 'Windows 10', os.arch: 'amd64', os.version: '10.0', java.version: '1.8.0_91'
Driver info: org.openqa.selenium.chrome.ChromeDriver
Capabilities {acceptInsecureCerts: false, browserName: chrome, browserVersion: 89.0.4389.82, chrome: {chromedriverVersion: 89.0.4389.23 (61b08ee2c5002..., userDataDir: C:\Users\raghu\AppData\Loca...}, goog:chromeOptions: {debuggerAddress: localhost:54964}, javascriptEnabled: true, networkConnectionEnabled: false, pageLoadStrategy: normal, platform: WINDOWS, platformName: WINDOWS, proxy: Proxy(), setWindowRect: true, strictFileInteractability: false, timeouts: {implicit: 0, pageLoad: 300000, script: 30000}, unhandledPromptBehavior: dismiss and notify, webauthn:extension:largeBlob: true, webauthn:virtualAuthenticators: true}
Session ID: fe2f4e797411ab807565339c4bb926ef
*** Element info: {Using=name, value=btnK}
at sun.reflect.NativeConstructorAccessorImpl.newInstance0(Native Method)
at sun.reflect.NativeConstructorAccessorImpl.newInstance(NativeConstructorAccessorImpl.java:62)
at sun.reflect.DelegatingConstructorAccessorImpl.newInstance(DelegatingConstructorAccessorImpl.java:45)
at java.lang.reflect.Constructor.newInstance(Constructor.java:423)
at org.openqa.selenium.remote.http.W3CHttpResponseCodec.createException(W3CHttpResponseCodec.java:187)
at org.openqa.selenium.remote.http.W3CHttpResponseCodec.decode(W3CHttpResponseCodec.java:122)
at org.openqa.selenium.remote.http.W3CHttpResponseCodec.decode(W3CHttpResponseCodec.java:49)
at org.openqa.selenium.remote.HttpCommandExecutor.execute(HttpCommandExecutor.java:158)
at org.openqa.selenium.remote.service.DriverCommandExecutor.execute(DriverCommandExecutor.java:83)
at org.openqa.selenium.remote.RemoteWebDriver.execute(RemoteWebDriver.java:552)
at org.openqa.selenium.remote.RemoteWebDriver.findElement(RemoteWebDriver.java:323)
at org.openqa.selenium.remote.RemoteWebDriver.findElementByName(RemoteWebDriver.java:404)
at org.openqa.selenium.By$ByName.findElement(By.java:284)
at org.openqa.selenium.remote.RemoteWebDriver.findElement(RemoteWebDriver.java:315)
at com.SeleniumTopics.TestNg.TestNgLoadTesting.testGoogleSearch(TestNgLoadTesting.java:41)
at sun.reflect.NativeMethodAccessorImpl.invoke0(Native Method)
at sun.reflect.NativeMethodAccessorImpl.invoke(NativeMethodAccessorImpl.java:62)
at sun.reflect.DelegatingMethodAccessorImpl.invoke(DelegatingMethodAccessorImpl.java:43)
at java.lang.reflect.Method.invoke(Method.java:498)
at org.testng.internal.MethodInvocationHelper.invokeMethod(MethodInvocationHelper.java:124)
at org.testng.internal.Invoker.invokeMethod(Invoker.java:580)
at org.testng.internal.Invoker.invokeTestMethod(Invoker.java:716)
at org.testng.internal.Invoker.invokeTestMethods(Invoker.java:988)
at org.testng.internal.TestMethodWorker.invokeTestMethods(TestMethodWorker.java:125)
at org.testng.internal.TestMethodWorker.run(TestMethodWorker.java:109)
at org.testng.internal.thread.ThreadUtil$1.call(ThreadUtil.java:52)
at java.util.concurrent.FutureTask.run(FutureTask.java:266)
at java.util.concurrent.ThreadPoolExecutor.runWorker(ThreadPoolExecutor.java:1142)
at java.util.concurrent.ThreadPoolExecutor$Worker.run(ThreadPoolExecutor.java:617)
at java.lang.Thread.run(Thread.java:745)
]]>
    </error>
  </testcase> <!-- testGoogleSearch -->
  <testcase name="testGoogleSearch" time="85.056" classname="com.SeleniumTopics.TestNg.TestNgLoadTesting">
    <error type="org.openqa.selenium.SessionNotCreatedException" message="session not created
from disconnected: received Inspector.detached event
  (Session info: chrome=89.0.4389.82)
Build info: version: &#039;3.141.59&#039;, revision: &#039;e82be7d358&#039;, time: &#039;2018-11-14T08:17:03&#039;
System info: host: &#039;DESKTOP-A9DN365&#039;, ip: &#039;192.168.1.4&#039;, os.name: &#039;Windows 10&#039;, os.arch: &#039;amd64&#039;, os.version: &#039;10.0&#039;, java.version: &#039;1.8.0_91&#039;
Driver info: driver.version: ChromeDriver
remote stacktrace: Backtrace:
	Ordinal0 [0x008AE7D3+124883]
	Ordinal0 [0x008AE7B1+124849]
	GetHandleVerifier [0x00AF8688+193832]
	GetHandleVerifier [0x00AECB71+145937]
	GetHandleVerifier [0x00AEC7F9+145049]
	GetHandleVerifier [0x00AEBF7D+142877]
	GetHandleVerifier [0x00AEB45E+140030]
	GetHandleVerifier [0x00AEB6E6+140678]
	GetHandleVerifier [0x00AEB025+138949]
	GetHandleVerifier [0x00AF4679+177433]
	GetHandleVerifier [0x00AEAFE1+138881]
	GetHandleVerifier [0x00AEBD62+142338]
	GetHandleVerifier [0x00AEB45E+140030]
	GetHandleVerifier [0x00AEB6E6+140678]
	GetHandleVerifier [0x00AEB025+138949]
	GetHandleVerifier [0x00AF2A0A+170154]
	GetHandleVerifier [0x00AEAFE1+138881]
	GetHandleVerifier [0x00AEBD62+142338]
	GetHandleVerifier [0x00AEB45E+140030]
	GetHandleVerifier [0x00AEB6E6+140678]
	GetHandleVerifier [0x00AEB025+138949]
	GetHandleVerifier [0x00AF0D69+162825]
	GetHandleVerifier [0x00AEAFE1+138881]
	GetHandleVerifier [0x00AEBD62+142338]
	GetHandleVerifier [0x00AEB45E+140030]
	GetHandleVerifier [0x00AEB6E6+140678]
	GetHandleVerifier [0x00AEB025+138949]
	GetHandleVerifier [0x00AF017C+159772]
	GetHandleVerifier [0x00AEAFE1+138881]
	GetHandleVerifier [0x00AEBD62+142338]
	GetHandleVerifier [0x00AEB45E+140030]
	GetHandleVerifier [0x00AEB6E6+140678]
	GetHandleVerifier [0x00AEB025+138949]
	GetHandleVerifier [0x00AE76ED+124301]
	GetHandleVerifier [0x00AEAFE1+138881]
	GetHandleVerifier [0x00AEAE03+138403]
	GetHandleVerifier [0x00AEABF7+137879]
	GetHandleVerifier [0x00AF9930+198608]
	GetHandleVerifier [0x00B35758+443896]
	GetHandleVerifier [0x00B347FC+439964]
	GetHandleVerifier [0x00B3154B+426987]
	GetHandleVerifier [0x00B14FFD+310941]
	GetHandleVerifier [0x00B15D8E+314414]
	GetHandleVerifier [0x00B15D19+314297]
	GetHandleVerifier [0x00BD31EC+1089676]
	GetHandleVerifier [0x00BD17C9+1082985]
	GetHandleVerifier [0x00BD13A3+1081923]
	GetHandleVerifier [0x00CCD9FD+2115741]
	Ordinal0 [0x009FB82E+1488942]
	Ordinal0 [0x00995A7D+1071741]
	Ordinal0 [0x0099559B+1070491]
	Ordinal0 [0x009954B1+1070257]
	Ordinal0 [0x009CFF53+1310547]
	BaseThreadInitThunk [0x7576FA29+25]
	RtlGetAppContainerNamedObjectPath [0x772F7C7E+286]
	RtlGetAppContainerNamedObjectPath [0x772F7C4E+238]
">
      <![CDATA[org.openqa.selenium.SessionNotCreatedException: session not created
from disconnected: received Inspector.detached event
  (Session info: chrome=89.0.4389.82)
Build info: version: '3.141.59', revision: 'e82be7d358', time: '2018-11-14T08:17:03'
System info: host: 'DESKTOP-A9DN365', ip: '192.168.1.4', os.name: 'Windows 10', os.arch: 'amd64', os.version: '10.0', java.version: '1.8.0_91'
Driver info: driver.version: ChromeDriver
remote stacktrace: Backtrace:
Ordinal0 [0x008AE7D3+124883]
Ordinal0 [0x008AE7B1+124849]
GetHandleVerifier [0x00AF8688+193832]
GetHandleVerifier [0x00AECB71+145937]
GetHandleVerifier [0x00AEC7F9+145049]
GetHandleVerifier [0x00AEBF7D+142877]
GetHandleVerifier [0x00AEB45E+140030]
GetHandleVerifier [0x00AEB6E6+140678]
GetHandleVerifier [0x00AEB025+138949]
GetHandleVerifier [0x00AF4679+177433]
GetHandleVerifier [0x00AEAFE1+138881]
GetHandleVerifier [0x00AEBD62+142338]
GetHandleVerifier [0x00AEB45E+140030]
GetHandleVerifier [0x00AEB6E6+140678]
GetHandleVerifier [0x00AEB025+138949]
GetHandleVerifier [0x00AF2A0A+170154]
GetHandleVerifier [0x00AEAFE1+138881]
GetHandleVerifier [0x00AEBD62+142338]
GetHandleVerifier [0x00AEB45E+140030]
GetHandleVerifier [0x00AEB6E6+140678]
GetHandleVerifier [0x00AEB025+138949]
GetHandleVerifier [0x00AF0D69+162825]
GetHandleVerifier [0x00AEAFE1+138881]
GetHandleVerifier [0x00AEBD62+142338]
GetHandleVerifier [0x00AEB45E+140030]
GetHandleVerifier [0x00AEB6E6+140678]
GetHandleVerifier [0x00AEB025+138949]
GetHandleVerifier [0x00AF017C+159772]
GetHandleVerifier [0x00AEAFE1+138881]
GetHandleVerifier [0x00AEBD62+142338]
GetHandleVerifier [0x00AEB45E+140030]
GetHandleVerifier [0x00AEB6E6+140678]
GetHandleVerifier [0x00AEB025+138949]
GetHandleVerifier [0x00AE76ED+124301]
GetHandleVerifier [0x00AEAFE1+138881]
GetHandleVerifier [0x00AEAE03+138403]
GetHandleVerifier [0x00AEABF7+137879]
GetHandleVerifier [0x00AF9930+198608]
GetHandleVerifier [0x00B35758+443896]
GetHandleVerifier [0x00B347FC+439964]
GetHandleVerifier [0x00B3154B+426987]
GetHandleVerifier [0x00B14FFD+310941]
GetHandleVerifier [0x00B15D8E+314414]
GetHandleVerifier [0x00B15D19+314297]
GetHandleVerifier [0x00BD31EC+1089676]
GetHandleVerifier [0x00BD17C9+1082985]
GetHandleVerifier [0x00BD13A3+1081923]
GetHandleVerifier [0x00CCD9FD+2115741]
Ordinal0 [0x009FB82E+1488942]
Ordinal0 [0x00995A7D+1071741]
Ordinal0 [0x0099559B+1070491]
Ordinal0 [0x009954B1+1070257]
Ordinal0 [0x009CFF53+1310547]
BaseThreadInitThunk [0x7576FA29+25]
RtlGetAppContainerNamedObjectPath [0x772F7C7E+286]
RtlGetAppContainerNamedObjectPath [0x772F7C4E+238]

at sun.reflect.NativeConstructorAccessorImpl.newInstance0(Native Method)
at sun.reflect.NativeConstructorAccessorImpl.newInstance(NativeConstructorAccessorImpl.java:62)
at sun.reflect.DelegatingConstructorAccessorImpl.newInstance(DelegatingConstructorAccessorImpl.java:45)
at java.lang.reflect.Constructor.newInstance(Constructor.java:423)
at org.openqa.selenium.remote.W3CHandshakeResponse.lambda$errorHandler$0(W3CHandshakeResponse.java:62)
at org.openqa.selenium.remote.HandshakeResponse.lambda$getResponseFunction$0(HandshakeResponse.java:30)
at org.openqa.selenium.remote.ProtocolHandshake.lambda$createSession$0(ProtocolHandshake.java:126)
at java.util.stream.ReferencePipeline$3$1.accept(ReferencePipeline.java:193)
at java.util.Spliterators$ArraySpliterator.tryAdvance(Spliterators.java:958)
at java.util.stream.ReferencePipeline.forEachWithCancel(ReferencePipeline.java:126)
at java.util.stream.AbstractPipeline.copyIntoWithCancel(AbstractPipeline.java:498)
at java.util.stream.AbstractPipeline.copyInto(AbstractPipeline.java:485)
at java.util.stream.AbstractPipeline.wrapAndCopyInto(AbstractPipeline.java:471)
at java.util.stream.FindOps$FindOp.evaluateSequential(FindOps.java:152)
at java.util.stream.AbstractPipeline.evaluate(AbstractPipeline.java:234)
at java.util.stream.ReferencePipeline.findFirst(ReferencePipeline.java:464)
at org.openqa.selenium.remote.ProtocolHandshake.createSession(ProtocolHandshake.java:128)
at org.openqa.selenium.remote.ProtocolHandshake.createSession(ProtocolHandshake.java:74)
at org.openqa.selenium.remote.HttpCommandExecutor.execute(HttpCommandExecutor.java:136)
at org.openqa.selenium.remote.service.DriverCommandExecutor.execute(DriverCommandExecutor.java:83)
at org.openqa.selenium.remote.RemoteWebDriver.execute(RemoteWebDriver.java:552)
at org.openqa.selenium.remote.RemoteWebDriver.startSession(RemoteWebDriver.java:213)
at org.openqa.selenium.remote.RemoteWebDriver.<init>(RemoteWebDriver.java:131)
at org.openqa.selenium.chrome.ChromeDriver.<init>(ChromeDriver.java:181)
at org.openqa.selenium.chrome.ChromeDriver.<init>(ChromeDriver.java:168)
at org.openqa.selenium.chrome.ChromeDriver.<init>(ChromeDriver.java:123)
at com.SeleniumTopics.TestNg.TestNgLoadTesting.testGoogleSearch(TestNgLoadTesting.java:34)
at sun.reflect.NativeMethodAccessorImpl.invoke0(Native Method)
at sun.reflect.NativeMethodAccessorImpl.invoke(NativeMethodAccessorImpl.java:62)
at sun.reflect.DelegatingMethodAccessorImpl.invoke(DelegatingMethodAccessorImpl.java:43)
at java.lang.reflect.Method.invoke(Method.java:498)
at org.testng.internal.MethodInvocationHelper.invokeMethod(MethodInvocationHelper.java:124)
at org.testng.internal.Invoker.invokeMethod(Invoker.java:580)
at org.testng.internal.Invoker.invokeTestMethod(Invoker.java:716)
at org.testng.internal.Invoker.invokeTestMethods(Invoker.java:988)
at org.testng.internal.TestMethodWorker.invokeTestMethods(TestMethodWorker.java:125)
at org.testng.internal.TestMethodWorker.run(TestMethodWorker.java:109)
at org.testng.internal.thread.ThreadUtil$1.call(ThreadUtil.java:52)
at java.util.concurrent.FutureTask.run(FutureTask.java:266)
at java.util.concurrent.ThreadPoolExecutor.runWorker(ThreadPoolExecutor.java:1142)
at java.util.concurrent.ThreadPoolExecutor$Worker.run(ThreadPoolExecutor.java:617)
at java.lang.Thread.run(Thread.java:745)
]]>
    </error>
  </testcase> <!-- testGoogleSearch -->
  <testcase name="test2" time="0.082" classname="com.SeleniumTopics.TestNg.TestNgLoadTesting"/>
  <testcase name="testGoogleSearch" time="84.917" classname="com.SeleniumTopics.TestNg.TestNgLoadTesting">
    <error type="org.openqa.selenium.WebDriverException" message="chrome not reachable
  (Session info: chrome=89.0.4389.82)
Build info: version: &#039;3.141.59&#039;, revision: &#039;e82be7d358&#039;, time: &#039;2018-11-14T08:17:03&#039;
System info: host: &#039;DESKTOP-A9DN365&#039;, ip: &#039;192.168.1.4&#039;, os.name: &#039;Windows 10&#039;, os.arch: &#039;amd64&#039;, os.version: &#039;10.0&#039;, java.version: &#039;1.8.0_91&#039;
Driver info: driver.version: ChromeDriver
remote stacktrace: Backtrace:
	Ordinal0 [0x008AE7D3+124883]
	Ordinal0 [0x008AE7B1+124849]
	GetHandleVerifier [0x00AF8530+193488]
	GetHandleVerifier [0x00AEE424+152260]
	GetHandleVerifier [0x00AE490A+112554]
	GetHandleVerifier [0x00B34B47+440807]
	GetHandleVerifier [0x00B347FC+439964]
	GetHandleVerifier [0x00B3154B+426987]
	GetHandleVerifier [0x00B14FFD+310941]
	GetHandleVerifier [0x00B15D8E+314414]
	GetHandleVerifier [0x00B15D19+314297]
	GetHandleVerifier [0x00BD31EC+1089676]
	GetHandleVerifier [0x00BD17C9+1082985]
	GetHandleVerifier [0x00BD13A3+1081923]
	GetHandleVerifier [0x00CCD9FD+2115741]
	Ordinal0 [0x009FB82E+1488942]
	Ordinal0 [0x00995A7D+1071741]
	Ordinal0 [0x0099559B+1070491]
	Ordinal0 [0x009954B1+1070257]
	Ordinal0 [0x009CFF53+1310547]
	BaseThreadInitThunk [0x7576FA29+25]
	RtlGetAppContainerNamedObjectPath [0x772F7C7E+286]
	RtlGetAppContainerNamedObjectPath [0x772F7C4E+238]
">
      <![CDATA[org.openqa.selenium.WebDriverException: chrome not reachable
  (Session info: chrome=89.0.4389.82)
Build info: version: '3.141.59', revision: 'e82be7d358', time: '2018-11-14T08:17:03'
System info: host: 'DESKTOP-A9DN365', ip: '192.168.1.4', os.name: 'Windows 10', os.arch: 'amd64', os.version: '10.0', java.version: '1.8.0_91'
Driver info: driver.version: ChromeDriver
remote stacktrace: Backtrace:
Ordinal0 [0x008AE7D3+124883]
Ordinal0 [0x008AE7B1+124849]
GetHandleVerifier [0x00AF8530+193488]
GetHandleVerifier [0x00AEE424+152260]
GetHandleVerifier [0x00AE490A+112554]
GetHandleVerifier [0x00B34B47+440807]
GetHandleVerifier [0x00B347FC+439964]
GetHandleVerifier [0x00B3154B+426987]
GetHandleVerifier [0x00B14FFD+310941]
GetHandleVerifier [0x00B15D8E+314414]
GetHandleVerifier [0x00B15D19+314297]
GetHandleVerifier [0x00BD31EC+1089676]
GetHandleVerifier [0x00BD17C9+1082985]
GetHandleVerifier [0x00BD13A3+1081923]
GetHandleVerifier [0x00CCD9FD+2115741]
Ordinal0 [0x009FB82E+1488942]
Ordinal0 [0x00995A7D+1071741]
Ordinal0 [0x0099559B+1070491]
Ordinal0 [0x009954B1+1070257]
Ordinal0 [0x009CFF53+1310547]
BaseThreadInitThunk [0x7576FA29+25]
RtlGetAppContainerNamedObjectPath [0x772F7C7E+286]
RtlGetAppContainerNamedObjectPath [0x772F7C4E+238]

at sun.reflect.NativeConstructorAccessorImpl.newInstance0(Native Method)
at sun.reflect.NativeConstructorAccessorImpl.newInstance(NativeConstructorAccessorImpl.java:62)
at sun.reflect.DelegatingConstructorAccessorImpl.newInstance(DelegatingConstructorAccessorImpl.java:45)
at java.lang.reflect.Constructor.newInstance(Constructor.java:423)
at org.openqa.selenium.remote.W3CHandshakeResponse.lambda$errorHandler$0(W3CHandshakeResponse.java:62)
at org.openqa.selenium.remote.HandshakeResponse.lambda$getResponseFunction$0(HandshakeResponse.java:30)
at org.openqa.selenium.remote.ProtocolHandshake.lambda$createSession$0(ProtocolHandshake.java:126)
at java.util.stream.ReferencePipeline$3$1.accept(ReferencePipeline.java:193)
at java.util.Spliterators$ArraySpliterator.tryAdvance(Spliterators.java:958)
at java.util.stream.ReferencePipeline.forEachWithCancel(ReferencePipeline.java:126)
at java.util.stream.AbstractPipeline.copyIntoWithCancel(AbstractPipeline.java:498)
at java.util.stream.AbstractPipeline.copyInto(AbstractPipeline.java:485)
at java.util.stream.AbstractPipeline.wrapAndCopyInto(AbstractPipeline.java:471)
at java.util.stream.FindOps$FindOp.evaluateSequential(FindOps.java:152)
at java.util.stream.AbstractPipeline.evaluate(AbstractPipeline.java:234)
at java.util.stream.ReferencePipeline.findFirst(ReferencePipeline.java:464)
at org.openqa.selenium.remote.ProtocolHandshake.createSession(ProtocolHandshake.java:128)
at org.openqa.selenium.remote.ProtocolHandshake.createSession(ProtocolHandshake.java:74)
at org.openqa.selenium.remote.HttpCommandExecutor.execute(HttpCommandExecutor.java:136)
at org.openqa.selenium.remote.service.DriverCommandExecutor.execute(DriverCommandExecutor.java:83)
at org.openqa.selenium.remote.RemoteWebDriver.execute(RemoteWebDriver.java:552)
at org.openqa.selenium.remote.RemoteWebDriver.startSession(RemoteWebDriver.java:213)
at org.openqa.selenium.remote.RemoteWebDriver.<init>(RemoteWebDriver.java:131)
at org.openqa.selenium.chrome.ChromeDriver.<init>(ChromeDriver.java:181)
at org.openqa.selenium.chrome.ChromeDriver.<init>(ChromeDriver.java:168)
at org.openqa.selenium.chrome.ChromeDriver.<init>(ChromeDriver.java:123)
at com.SeleniumTopics.TestNg.TestNgLoadTesting.testGoogleSearch(TestNgLoadTesting.java:34)
at sun.reflect.NativeMethodAccessorImpl.invoke0(Native Method)
at sun.reflect.NativeMethodAccessorImpl.invoke(NativeMethodAccessorImpl.java:62)
at sun.reflect.DelegatingMethodAccessorImpl.invoke(DelegatingMethodAccessorImpl.java:43)
at java.lang.reflect.Method.invoke(Method.java:498)
at org.testng.internal.MethodInvocationHelper.invokeMethod(MethodInvocationHelper.java:124)
at org.testng.internal.Invoker.invokeMethod(Invoker.java:580)
at org.testng.internal.Invoker.invokeTestMethod(Invoker.java:716)
at org.testng.internal.Invoker.invokeTestMethods(Invoker.java:988)
at org.testng.internal.TestMethodWorker.invokeTestMethods(TestMethodWorker.java:125)
at org.testng.internal.TestMethodWorker.run(TestMethodWorker.java:109)
at org.testng.internal.thread.ThreadUtil$1.call(ThreadUtil.java:52)
at java.util.concurrent.FutureTask.run(FutureTask.java:266)
at java.util.concurrent.ThreadPoolExecutor.runWorker(ThreadPoolExecutor.java:1142)
at java.util.concurrent.ThreadPoolExecutor$Worker.run(ThreadPoolExecutor.java:617)
at java.lang.Thread.run(Thread.java:745)
]]>
    </error>
  </testcase> <!-- testGoogleSearch -->
</testsuite> <!-- com.SeleniumTopics.TestNg.TestNgLoadTesting -->
