<?xml version="1.0" encoding="UTF-8"?>
<!-- Generated by org.testng.reporters.JUnitReportReporter -->
<testsuite skipped="0" hostname="DESKTOP-A9DN365" name="com.SeleniumTopics.TestNg.TestngParamtersAndDp" tests="2" failures="0" timestamp="14 Mar 2021 18:15:11 GMT" time="0.013" errors="0">
  <testcase name="OpenBrowser" time="0.002" classname="com.SeleniumTopics.TestNg.TestngParamtersAndDp"/>
  <testcase name="FillLoginForm" time="0.011" classname="com.SeleniumTopics.TestNg.TestngParamtersAndDp"/>
</testsuite> <!-- com.SeleniumTopics.TestNg.TestngParamtersAndDp -->
